[2022-03-19T17:26:18.678] [ERROR] error - TokenExpiredError: jwt expired
    at C:\manager-server\node_modules\jsonwebtoken\verify.js:152:21
    at getSecret (C:\manager-server\node_modules\jsonwebtoken\verify.js:90:14)
    at Object.module.exports [as verify] (C:\manager-server\node_modules\jsonwebtoken\verify.js:94:10)
    at C:\manager-server\routes\token.js:61:20
    at dispatch (C:\manager-server\node_modules\koa-router\node_modules\koa-compose\index.js:44:32)
    at next (C:\manager-server\node_modules\koa-router\node_modules\koa-compose\index.js:45:18)
    at C:\manager-server\node_modules\koa-router\lib\router.js:346:16
    at dispatch (C:\manager-server\node_modules\koa-router\node_modules\koa-compose\index.js:44:32)
    at next (C:\manager-server\node_modules\koa-router\node_modules\koa-compose\index.js:45:18)
    at allowedMethods (C:\manager-server\node_modules\koa-router\lib\router.js:407:12)
[2022-03-19T17:27:11.816] [ERROR] error - TokenExpiredError: jwt expired
    at C:\manager-server\node_modules\jsonwebtoken\verify.js:152:21
    at getSecret (C:\manager-server\node_modules\jsonwebtoken\verify.js:90:14)
    at Object.module.exports [as verify] (C:\manager-server\node_modules\jsonwebtoken\verify.js:94:10)
    at C:\manager-server\routes\token.js:61:20
    at dispatch (C:\manager-server\node_modules\koa-router\node_modules\koa-compose\index.js:44:32)
    at next (C:\manager-server\node_modules\koa-router\node_modules\koa-compose\index.js:45:18)
    at C:\manager-server\node_modules\koa-router\lib\router.js:346:16
    at dispatch (C:\manager-server\node_modules\koa-router\node_modules\koa-compose\index.js:44:32)
    at next (C:\manager-server\node_modules\koa-router\node_modules\koa-compose\index.js:45:18)
    at allowedMethods (C:\manager-server\node_modules\koa-router\lib\router.js:407:12)
[2022-03-19T18:52:40.920] [ERROR] error - SyntaxError: Unexpected token  in JSON at position 47
    at JSON.parse (<anonymous>)
    at parse (C:\manager-server\node_modules\koa-body\node_modules\co-body\lib\json.js:62:17)
    at C:\manager-server\node_modules\koa-body\node_modules\co-body\lib\json.js:45:22
    at processTicksAndRejections (node:internal/process/task_queues:96:5)
    at async serve (C:\manager-server\node_modules\koa-static\index.js:53:9)
    at async cors (C:\manager-server\node_modules\koa2-cors\dist\index.js:91:9)
[2022-03-19T23:16:55.388] [ERROR] error - TypeError: Cannot read properties of undefined (reading 'openid')
    at C:\manager-server\routes\mission.js:77:69
    at dispatch (C:\manager-server\node_modules\koa-router\node_modules\koa-compose\index.js:44:32)
    at next (C:\manager-server\node_modules\koa-router\node_modules\koa-compose\index.js:45:18)
    at C:\manager-server\node_modules\koa-router\lib\router.js:346:16
    at dispatch (C:\manager-server\node_modules\koa-router\node_modules\koa-compose\index.js:44:32)
    at next (C:\manager-server\node_modules\koa-router\node_modules\koa-compose\index.js:45:18)
    at allowedMethods (C:\manager-server\node_modules\koa-router\lib\router.js:407:12)
    at dispatch (C:\manager-server\node_modules\koa-router\node_modules\koa-compose\index.js:44:32)
    at next (C:\manager-server\node_modules\koa-router\node_modules\koa-compose\index.js:45:18)
    at C:\manager-server\node_modules\koa-router\lib\router.js:346:16
[2022-03-19T23:18:38.314] [ERROR] error - TypeError: Cannot read properties of undefined (reading 'openid')
    at C:\manager-server\routes\mission.js:77:69
    at dispatch (C:\manager-server\node_modules\koa-router\node_modules\koa-compose\index.js:44:32)
    at next (C:\manager-server\node_modules\koa-router\node_modules\koa-compose\index.js:45:18)
    at C:\manager-server\node_modules\koa-router\lib\router.js:346:16
    at dispatch (C:\manager-server\node_modules\koa-router\node_modules\koa-compose\index.js:44:32)
    at next (C:\manager-server\node_modules\koa-router\node_modules\koa-compose\index.js:45:18)
    at allowedMethods (C:\manager-server\node_modules\koa-router\lib\router.js:407:12)
    at dispatch (C:\manager-server\node_modules\koa-router\node_modules\koa-compose\index.js:44:32)
    at next (C:\manager-server\node_modules\koa-router\node_modules\koa-compose\index.js:45:18)
    at C:\manager-server\node_modules\koa-router\lib\router.js:346:16
[2022-03-19T23:18:51.320] [ERROR] error - TypeError: Cannot read properties of undefined (reading 'openid')
    at C:\manager-server\routes\mission.js:77:69
    at dispatch (C:\manager-server\node_modules\koa-router\node_modules\koa-compose\index.js:44:32)
    at next (C:\manager-server\node_modules\koa-router\node_modules\koa-compose\index.js:45:18)
    at C:\manager-server\node_modules\koa-router\lib\router.js:346:16
    at dispatch (C:\manager-server\node_modules\koa-router\node_modules\koa-compose\index.js:44:32)
    at next (C:\manager-server\node_modules\koa-router\node_modules\koa-compose\index.js:45:18)
    at allowedMethods (C:\manager-server\node_modules\koa-router\lib\router.js:407:12)
    at dispatch (C:\manager-server\node_modules\koa-router\node_modules\koa-compose\index.js:44:32)
    at next (C:\manager-server\node_modules\koa-router\node_modules\koa-compose\index.js:45:18)
    at C:\manager-server\node_modules\koa-router\lib\router.js:346:16
[2022-03-19T23:19:01.890] [ERROR] error - TypeError: Cannot read properties of undefined (reading 'openid')
    at C:\manager-server\routes\mission.js:77:69
    at dispatch (C:\manager-server\node_modules\koa-router\node_modules\koa-compose\index.js:44:32)
    at next (C:\manager-server\node_modules\koa-router\node_modules\koa-compose\index.js:45:18)
    at C:\manager-server\node_modules\koa-router\lib\router.js:346:16
    at dispatch (C:\manager-server\node_modules\koa-router\node_modules\koa-compose\index.js:44:32)
    at next (C:\manager-server\node_modules\koa-router\node_modules\koa-compose\index.js:45:18)
    at allowedMethods (C:\manager-server\node_modules\koa-router\lib\router.js:407:12)
    at dispatch (C:\manager-server\node_modules\koa-router\node_modules\koa-compose\index.js:44:32)
    at next (C:\manager-server\node_modules\koa-router\node_modules\koa-compose\index.js:45:18)
    at C:\manager-server\node_modules\koa-router\lib\router.js:346:16
[2022-03-19T23:19:42.311] [ERROR] error - TypeError: Cannot read properties of undefined (reading 'openid')
    at C:\manager-server\routes\mission.js:77:69
    at dispatch (C:\manager-server\node_modules\koa-router\node_modules\koa-compose\index.js:44:32)
    at next (C:\manager-server\node_modules\koa-router\node_modules\koa-compose\index.js:45:18)
    at C:\manager-server\node_modules\koa-router\lib\router.js:346:16
    at dispatch (C:\manager-server\node_modules\koa-router\node_modules\koa-compose\index.js:44:32)
    at next (C:\manager-server\node_modules\koa-router\node_modules\koa-compose\index.js:45:18)
    at allowedMethods (C:\manager-server\node_modules\koa-router\lib\router.js:407:12)
    at dispatch (C:\manager-server\node_modules\koa-router\node_modules\koa-compose\index.js:44:32)
    at next (C:\manager-server\node_modules\koa-router\node_modules\koa-compose\index.js:45:18)
    at C:\manager-server\node_modules\koa-router\lib\router.js:346:16
