[2022-03-23T14:25:11.451] [ERROR] error - TokenExpiredError: jwt expired
    at C:\manager-server\node_modules\jsonwebtoken\verify.js:152:21
    at getSecret (C:\manager-server\node_modules\jsonwebtoken\verify.js:90:14)
    at Object.module.exports [as verify] (C:\manager-server\node_modules\jsonwebtoken\verify.js:94:10)
    at C:\manager-server\routes\token.js:61:20
    at dispatch (C:\manager-server\node_modules\koa-router\node_modules\koa-compose\index.js:44:32)
    at next (C:\manager-server\node_modules\koa-router\node_modules\koa-compose\index.js:45:18)
    at C:\manager-server\node_modules\koa-router\lib\router.js:346:16
    at dispatch (C:\manager-server\node_modules\koa-router\node_modules\koa-compose\index.js:44:32)
    at next (C:\manager-server\node_modules\koa-router\node_modules\koa-compose\index.js:45:18)
    at allowedMethods (C:\manager-server\node_modules\koa-router\lib\router.js:407:12)
[2022-03-23T14:25:49.572] [ERROR] error - TokenExpiredError: jwt expired
    at C:\manager-server\node_modules\jsonwebtoken\verify.js:152:21
    at getSecret (C:\manager-server\node_modules\jsonwebtoken\verify.js:90:14)
    at Object.module.exports [as verify] (C:\manager-server\node_modules\jsonwebtoken\verify.js:94:10)
    at C:\manager-server\routes\token.js:61:20
    at dispatch (C:\manager-server\node_modules\koa-router\node_modules\koa-compose\index.js:44:32)
    at next (C:\manager-server\node_modules\koa-router\node_modules\koa-compose\index.js:45:18)
    at C:\manager-server\node_modules\koa-router\lib\router.js:346:16
    at dispatch (C:\manager-server\node_modules\koa-router\node_modules\koa-compose\index.js:44:32)
    at next (C:\manager-server\node_modules\koa-router\node_modules\koa-compose\index.js:45:18)
    at allowedMethods (C:\manager-server\node_modules\koa-router\lib\router.js:407:12)
[2022-03-23T14:25:51.438] [ERROR] error - TokenExpiredError: jwt expired
    at C:\manager-server\node_modules\jsonwebtoken\verify.js:152:21
    at getSecret (C:\manager-server\node_modules\jsonwebtoken\verify.js:90:14)
    at Object.module.exports [as verify] (C:\manager-server\node_modules\jsonwebtoken\verify.js:94:10)
    at C:\manager-server\routes\token.js:61:20
    at dispatch (C:\manager-server\node_modules\koa-router\node_modules\koa-compose\index.js:44:32)
    at next (C:\manager-server\node_modules\koa-router\node_modules\koa-compose\index.js:45:18)
    at C:\manager-server\node_modules\koa-router\lib\router.js:346:16
    at dispatch (C:\manager-server\node_modules\koa-router\node_modules\koa-compose\index.js:44:32)
    at next (C:\manager-server\node_modules\koa-router\node_modules\koa-compose\index.js:45:18)
    at allowedMethods (C:\manager-server\node_modules\koa-router\lib\router.js:407:12)
[2022-03-23T14:26:05.567] [ERROR] error - TokenExpiredError: jwt expired
    at C:\manager-server\node_modules\jsonwebtoken\verify.js:152:21
    at getSecret (C:\manager-server\node_modules\jsonwebtoken\verify.js:90:14)
    at Object.module.exports [as verify] (C:\manager-server\node_modules\jsonwebtoken\verify.js:94:10)
    at C:\manager-server\routes\token.js:61:20
    at dispatch (C:\manager-server\node_modules\koa-router\node_modules\koa-compose\index.js:44:32)
    at next (C:\manager-server\node_modules\koa-router\node_modules\koa-compose\index.js:45:18)
    at C:\manager-server\node_modules\koa-router\lib\router.js:346:16
    at dispatch (C:\manager-server\node_modules\koa-router\node_modules\koa-compose\index.js:44:32)
    at next (C:\manager-server\node_modules\koa-router\node_modules\koa-compose\index.js:45:18)
    at allowedMethods (C:\manager-server\node_modules\koa-router\lib\router.js:407:12)
[2022-03-23T14:26:06.425] [ERROR] error - TokenExpiredError: jwt expired
    at C:\manager-server\node_modules\jsonwebtoken\verify.js:152:21
    at getSecret (C:\manager-server\node_modules\jsonwebtoken\verify.js:90:14)
    at Object.module.exports [as verify] (C:\manager-server\node_modules\jsonwebtoken\verify.js:94:10)
    at C:\manager-server\routes\token.js:61:20
    at dispatch (C:\manager-server\node_modules\koa-router\node_modules\koa-compose\index.js:44:32)
    at next (C:\manager-server\node_modules\koa-router\node_modules\koa-compose\index.js:45:18)
    at C:\manager-server\node_modules\koa-router\lib\router.js:346:16
    at dispatch (C:\manager-server\node_modules\koa-router\node_modules\koa-compose\index.js:44:32)
    at next (C:\manager-server\node_modules\koa-router\node_modules\koa-compose\index.js:45:18)
    at allowedMethods (C:\manager-server\node_modules\koa-router\lib\router.js:407:12)
[2022-03-23T16:20:22.008] [ERROR] error - Error: write ECONNRESET
    at WriteWrap.onWriteComplete [as oncomplete] (node:internal/stream_base_commons:94:16)
[2022-03-23T16:20:22.033] [ERROR] error - Error: write ECONNRESET
    at WriteWrap.onWriteComplete [as oncomplete] (node:internal/stream_base_commons:94:16)
[2022-03-23T19:13:33.120] [ERROR] error - Error: write ECONNRESET
    at WriteWrap.onWriteComplete [as oncomplete] (node:internal/stream_base_commons:94:16)
[2022-03-23T23:40:24.138] [ERROR] error - ReferenceError: Cannot access 'openid' before initialization
    at C:\manager-server\routes\money.js:82:51
    at dispatch (C:\manager-server\node_modules\koa-router\node_modules\koa-compose\index.js:44:32)
    at next (C:\manager-server\node_modules\koa-router\node_modules\koa-compose\index.js:45:18)
    at C:\manager-server\node_modules\koa-router\lib\router.js:346:16
    at dispatch (C:\manager-server\node_modules\koa-router\node_modules\koa-compose\index.js:44:32)
    at next (C:\manager-server\node_modules\koa-router\node_modules\koa-compose\index.js:45:18)
    at allowedMethods (C:\manager-server\node_modules\koa-router\lib\router.js:407:12)
    at dispatch (C:\manager-server\node_modules\koa-router\node_modules\koa-compose\index.js:44:32)
    at next (C:\manager-server\node_modules\koa-router\node_modules\koa-compose\index.js:45:18)
    at C:\manager-server\node_modules\koa-router\lib\router.js:346:16
