[2022-03-29T20:37:38.469] [ERROR] error - TokenExpiredError: jwt expired
    at C:\manager-server\node_modules\jsonwebtoken\verify.js:152:21
    at getSecret (C:\manager-server\node_modules\jsonwebtoken\verify.js:90:14)
    at Object.module.exports [as verify] (C:\manager-server\node_modules\jsonwebtoken\verify.js:94:10)
    at C:\manager-server\routes\token.js:61:20
    at dispatch (C:\manager-server\node_modules\koa-router\node_modules\koa-compose\index.js:44:32)
    at next (C:\manager-server\node_modules\koa-router\node_modules\koa-compose\index.js:45:18)
    at C:\manager-server\node_modules\koa-router\lib\router.js:346:16
    at dispatch (C:\manager-server\node_modules\koa-router\node_modules\koa-compose\index.js:44:32)
    at next (C:\manager-server\node_modules\koa-router\node_modules\koa-compose\index.js:45:18)
    at allowedMethods (C:\manager-server\node_modules\koa-router\lib\router.js:407:12)
[2022-03-29T20:39:00.898] [ERROR] error - TokenExpiredError: jwt expired
    at C:\manager-server\node_modules\jsonwebtoken\verify.js:152:21
    at getSecret (C:\manager-server\node_modules\jsonwebtoken\verify.js:90:14)
    at Object.module.exports [as verify] (C:\manager-server\node_modules\jsonwebtoken\verify.js:94:10)
    at C:\manager-server\routes\token.js:61:20
    at dispatch (C:\manager-server\node_modules\koa-router\node_modules\koa-compose\index.js:44:32)
    at next (C:\manager-server\node_modules\koa-router\node_modules\koa-compose\index.js:45:18)
    at C:\manager-server\node_modules\koa-router\lib\router.js:346:16
    at dispatch (C:\manager-server\node_modules\koa-router\node_modules\koa-compose\index.js:44:32)
    at next (C:\manager-server\node_modules\koa-router\node_modules\koa-compose\index.js:45:18)
    at allowedMethods (C:\manager-server\node_modules\koa-router\lib\router.js:407:12)
[2022-03-29T20:39:01.636] [ERROR] error - TokenExpiredError: jwt expired
    at C:\manager-server\node_modules\jsonwebtoken\verify.js:152:21
    at getSecret (C:\manager-server\node_modules\jsonwebtoken\verify.js:90:14)
    at Object.module.exports [as verify] (C:\manager-server\node_modules\jsonwebtoken\verify.js:94:10)
    at C:\manager-server\routes\token.js:61:20
    at dispatch (C:\manager-server\node_modules\koa-router\node_modules\koa-compose\index.js:44:32)
    at next (C:\manager-server\node_modules\koa-router\node_modules\koa-compose\index.js:45:18)
    at C:\manager-server\node_modules\koa-router\lib\router.js:346:16
    at dispatch (C:\manager-server\node_modules\koa-router\node_modules\koa-compose\index.js:44:32)
    at next (C:\manager-server\node_modules\koa-router\node_modules\koa-compose\index.js:45:18)
    at allowedMethods (C:\manager-server\node_modules\koa-router\lib\router.js:407:12)
[2022-03-29T20:43:55.992] [ERROR] error - TokenExpiredError: jwt expired
    at C:\manager-server\node_modules\jsonwebtoken\verify.js:152:21
    at getSecret (C:\manager-server\node_modules\jsonwebtoken\verify.js:90:14)
    at Object.module.exports [as verify] (C:\manager-server\node_modules\jsonwebtoken\verify.js:94:10)
    at C:\manager-server\routes\token.js:61:20
    at dispatch (C:\manager-server\node_modules\koa-router\node_modules\koa-compose\index.js:44:32)
    at next (C:\manager-server\node_modules\koa-router\node_modules\koa-compose\index.js:45:18)
    at C:\manager-server\node_modules\koa-router\lib\router.js:346:16
    at dispatch (C:\manager-server\node_modules\koa-router\node_modules\koa-compose\index.js:44:32)
    at next (C:\manager-server\node_modules\koa-router\node_modules\koa-compose\index.js:45:18)
    at allowedMethods (C:\manager-server\node_modules\koa-router\lib\router.js:407:12)
[2022-03-29T20:44:08.312] [ERROR] error - TokenExpiredError: jwt expired
    at C:\manager-server\node_modules\jsonwebtoken\verify.js:152:21
    at getSecret (C:\manager-server\node_modules\jsonwebtoken\verify.js:90:14)
    at Object.module.exports [as verify] (C:\manager-server\node_modules\jsonwebtoken\verify.js:94:10)
    at C:\manager-server\routes\token.js:61:20
    at dispatch (C:\manager-server\node_modules\koa-router\node_modules\koa-compose\index.js:44:32)
    at next (C:\manager-server\node_modules\koa-router\node_modules\koa-compose\index.js:45:18)
    at C:\manager-server\node_modules\koa-router\lib\router.js:346:16
    at dispatch (C:\manager-server\node_modules\koa-router\node_modules\koa-compose\index.js:44:32)
    at next (C:\manager-server\node_modules\koa-router\node_modules\koa-compose\index.js:45:18)
    at allowedMethods (C:\manager-server\node_modules\koa-router\lib\router.js:407:12)
[2022-03-29T20:44:11.264] [ERROR] error - TokenExpiredError: jwt expired
    at C:\manager-server\node_modules\jsonwebtoken\verify.js:152:21
    at getSecret (C:\manager-server\node_modules\jsonwebtoken\verify.js:90:14)
    at Object.module.exports [as verify] (C:\manager-server\node_modules\jsonwebtoken\verify.js:94:10)
    at C:\manager-server\routes\token.js:61:20
    at dispatch (C:\manager-server\node_modules\koa-router\node_modules\koa-compose\index.js:44:32)
    at next (C:\manager-server\node_modules\koa-router\node_modules\koa-compose\index.js:45:18)
    at C:\manager-server\node_modules\koa-router\lib\router.js:346:16
    at dispatch (C:\manager-server\node_modules\koa-router\node_modules\koa-compose\index.js:44:32)
    at next (C:\manager-server\node_modules\koa-router\node_modules\koa-compose\index.js:45:18)
    at allowedMethods (C:\manager-server\node_modules\koa-router\lib\router.js:407:12)
[2022-03-29T20:44:14.296] [ERROR] error - TokenExpiredError: jwt expired
    at C:\manager-server\node_modules\jsonwebtoken\verify.js:152:21
    at getSecret (C:\manager-server\node_modules\jsonwebtoken\verify.js:90:14)
    at Object.module.exports [as verify] (C:\manager-server\node_modules\jsonwebtoken\verify.js:94:10)
    at C:\manager-server\routes\token.js:61:20
    at dispatch (C:\manager-server\node_modules\koa-router\node_modules\koa-compose\index.js:44:32)
    at next (C:\manager-server\node_modules\koa-router\node_modules\koa-compose\index.js:45:18)
    at C:\manager-server\node_modules\koa-router\lib\router.js:346:16
    at dispatch (C:\manager-server\node_modules\koa-router\node_modules\koa-compose\index.js:44:32)
    at next (C:\manager-server\node_modules\koa-router\node_modules\koa-compose\index.js:45:18)
    at allowedMethods (C:\manager-server\node_modules\koa-router\lib\router.js:407:12)
